<?xml version="1.0" encoding="UTF-8" ?>
<testsuite tests="1" failures="0" name="com.vico.license.service.test.HospitalServiceImpTest" time="0.006" errors="1" skipped="0">
  <properties>
[...]
</properties>
  <testcase classname="com.vico.license.service.test.HospitalServiceImpTest" name="testShowNames" time="0.006">
    <error message="Failed to load ApplicationContext" type="java.lang.IllegalStateException">java.lang.IllegalStateException: Failed to load ApplicationContext
	at org.springframework.test.context.cache.DefaultCacheAwareContextLoaderDelegate.loadContext(DefaultCacheAwareContextLoaderDelegate.java:124)
	at org.springframework.test.context.support.DefaultTestContext.getApplicationContext(DefaultTestContext.java:83)
	at org.springframework.test.context.support.DependencyInjectionTestExecutionListener.injectDependencies(DependencyInjectionTestExecutionListener.java:117)
	at org.springframework.test.context.support.DependencyInjectionTestExecutionListener.prepareTestInstance(DependencyInjectionTestExecutionListener.java:83)
	at org.springframework.test.context.TestContextManager.prepareTestInstance(TestContextManager.java:228)
	at org.springframework.test.context.junit4.SpringJUnit4ClassRunner.createTest(SpringJUnit4ClassRunner.java:230)
	at org.springframework.test.context.junit4.SpringJUnit4ClassRunner$1.runReflectiveCall(SpringJUnit4ClassRunner.java:289)
	at org.junit.internal.runners.model.ReflectiveCallable.run(ReflectiveCallable.java:12)
	at org.springframework.test.context.junit4.SpringJUnit4ClassRunner.methodBlock(SpringJUnit4ClassRunner.java:291)
	at org.springframework.test.context.junit4.SpringJUnit4ClassRunner.runChild(SpringJUnit4ClassRunner.java:249)
	at org.springframework.test.context.junit4.SpringJUnit4ClassRunner.runChild(SpringJUnit4ClassRunner.java:89)
	at org.junit.runners.ParentRunner$3.run(ParentRunner.java:238)
	at org.junit.runners.ParentRunner$1.schedule(ParentRunner.java:63)
	at org.junit.runners.ParentRunner.runChildren(ParentRunner.java:236)
	at org.junit.runners.ParentRunner.access$000(ParentRunner.java:53)
	at org.junit.runners.ParentRunner$2.evaluate(ParentRunner.java:229)
	at org.springframework.test.context.junit4.statements.RunBeforeTestClassCallbacks.evaluate(RunBeforeTestClassCallbacks.java:61)
	at org.springframework.test.context.junit4.statements.RunAfterTestClassCallbacks.evaluate(RunAfterTestClassCallbacks.java:70)
	at org.junit.runners.ParentRunner.run(ParentRunner.java:309)
	at org.springframework.test.context.junit4.SpringJUnit4ClassRunner.run(SpringJUnit4ClassRunner.java:193)
	at org.apache.maven.surefire.junit4.JUnit4Provider.execute(JUnit4Provider.java:252)
	at org.apache.maven.surefire.junit4.JUnit4Provider.executeTestSet(JUnit4Provider.java:141)
	at org.apache.maven.surefire.junit4.JUnit4Provider.invoke(JUnit4Provider.java:112)
	at sun.reflect.NativeMethodAccessorImpl.invoke0(Native Method)
	at sun.reflect.NativeMethodAccessorImpl.invoke(NativeMethodAccessorImpl.java:62)
	at sun.reflect.DelegatingMethodAccessorImpl.invoke(DelegatingMethodAccessorImpl.java:43)
	at java.lang.reflect.Method.invoke(Method.java:497)
	at org.apache.maven.surefire.util.ReflectionUtils.invokeMethodWithArray(ReflectionUtils.java:189)
	at org.apache.maven.surefire.booter.ProviderFactory$ProviderProxy.invoke(ProviderFactory.java:165)
	at org.apache.maven.surefire.booter.ProviderFactory.invokeProvider(ProviderFactory.java:85)
	at org.apache.maven.surefire.booter.ForkedBooter.runSuitesInProcess(ForkedBooter.java:115)
	at org.apache.maven.surefire.booter.ForkedBooter.main(ForkedBooter.java:75)
Caused by: org.springframework.beans.factory.BeanCreationException: Error creating bean with name &apos;hospitalController&apos;: Injection of autowired dependencies failed; nested exception is org.springframework.beans.factory.BeanCreationException: Could not autowire field: private com.vico.license.service.HospitalService com.vico.license.controller.HospitalController.hospitalservice; nested exception is org.springframework.beans.factory.BeanCreationException: Error creating bean with name &apos;hospitalServiceImp&apos;: Injection of autowired dependencies failed; nested exception is org.springframework.beans.factory.BeanCreationException: Could not autowire field: private com.vico.license.dao.HospitalDao com.vico.license.service.HospitalServiceImp.hospitaldao; nested exception is org.springframework.beans.factory.BeanCreationException: Error creating bean with name &apos;hospitalDao&apos; defined in file [D:\vico\trunk\PRO\Liu.Dun\SourceCode\license\target\classes\com\vico\license\dao\HospitalDao.class]: Cannot resolve reference to bean &apos;sqlSessionFactory&apos; while setting bean property &apos;sqlSessionFactory&apos;; nested exception is org.springframework.beans.factory.BeanCreationException: Error creating bean with name &apos;sqlSessionFactory&apos; defined in class path resource [spring-mybatis.xml]: Initialization of bean failed; nested exception is org.springframework.beans.TypeMismatchException: Failed to convert property value of type [java.lang.String] to required type [org.springframework.core.io.Resource[]] for property &apos;mapperLocations&apos;; nested exception is java.lang.IllegalArgumentException: Could not resolve resource location pattern [classpath:com/vico/license/mapper/*.xml]: class path resource [com/vico/license/mapper/] cannot be resolved to URL because it does not exist
	at org.springframework.beans.factory.annotation.AutowiredAnnotationBeanPostProcessor.postProcessPropertyValues(AutowiredAnnotationBeanPostProcessor.java:334)
	at org.springframework.beans.factory.support.AbstractAutowireCapableBeanFactory.populateBean(AbstractAutowireCapableBeanFactory.java:1214)
	at org.springframework.beans.factory.support.AbstractAutowireCapableBeanFactory.doCreateBean(AbstractAutowireCapableBeanFactory.java:543)
	at org.springframework.beans.factory.support.AbstractAutowireCapableBeanFactory.createBean(AbstractAutowireCapableBeanFactory.java:482)
	at org.springframework.beans.factory.support.AbstractBeanFactory$1.getObject(AbstractBeanFactory.java:306)
	at org.springframework.beans.factory.support.DefaultSingletonBeanRegistry.getSingleton(DefaultSingletonBeanRegistry.java:230)
	at org.springframework.beans.factory.support.AbstractBeanFactory.doGetBean(AbstractBeanFactory.java:302)
	at org.springframework.beans.factory.support.AbstractBeanFactory.getBean(AbstractBeanFactory.java:197)
	at org.springframework.beans.factory.support.DefaultListableBeanFactory.preInstantiateSingletons(DefaultListableBeanFactory.java:772)
	at org.springframework.context.support.AbstractApplicationContext.finishBeanFactoryInitialization(AbstractApplicationContext.java:839)
	at org.springframework.context.support.AbstractApplicationContext.refresh(AbstractApplicationContext.java:538)
	at org.springframework.test.context.support.AbstractGenericContextLoader.loadContext(AbstractGenericContextLoader.java:125)
	at org.springframework.test.context.support.AbstractGenericContextLoader.loadContext(AbstractGenericContextLoader.java:60)
	at org.springframework.test.context.support.AbstractDelegatingSmartContextLoader.delegateLoading(AbstractDelegatingSmartContextLoader.java:109)
	at org.springframework.test.context.support.AbstractDelegatingSmartContextLoader.loadContext(AbstractDelegatingSmartContextLoader.java:261)
	at org.springframework.test.context.cache.DefaultCacheAwareContextLoaderDelegate.loadContextInternal(DefaultCacheAwareContextLoaderDelegate.java:98)
	at org.springframework.test.context.cache.DefaultCacheAwareContextLoaderDelegate.loadContext(DefaultCacheAwareContextLoaderDelegate.java:116)
	... 31 more
Caused by: org.springframework.beans.factory.BeanCreationException: Could not autowire field: private com.vico.license.service.HospitalService com.vico.license.controller.HospitalController.hospitalservice; nested exception is org.springframework.beans.factory.BeanCreationException: Error creating bean with name &apos;hospitalServiceImp&apos;: Injection of autowired dependencies failed; nested exception is org.springframework.beans.factory.BeanCreationException: Could not autowire field: private com.vico.license.dao.HospitalDao com.vico.license.service.HospitalServiceImp.hospitaldao; nested exception is org.springframework.beans.factory.BeanCreationException: Error creating bean with name &apos;hospitalDao&apos; defined in file [D:\vico\trunk\PRO\Liu.Dun\SourceCode\license\target\classes\com\vico\license\dao\HospitalDao.class]: Cannot resolve reference to bean &apos;sqlSessionFactory&apos; while setting bean property &apos;sqlSessionFactory&apos;; nested exception is org.springframework.beans.factory.BeanCreationException: Error creating bean with name &apos;sqlSessionFactory&apos; defined in class path resource [spring-mybatis.xml]: Initialization of bean failed; nested exception is org.springframework.beans.TypeMismatchException: Failed to convert property value of type [java.lang.String] to required type [org.springframework.core.io.Resource[]] for property &apos;mapperLocations&apos;; nested exception is java.lang.IllegalArgumentException: Could not resolve resource location pattern [classpath:com/vico/license/mapper/*.xml]: class path resource [com/vico/license/mapper/] cannot be resolved to URL because it does not exist
	at org.springframework.beans.factory.annotation.AutowiredAnnotationBeanPostProcessor$AutowiredFieldElement.inject(AutowiredAnnotationBeanPostProcessor.java:573)
	at org.springframework.beans.factory.annotation.InjectionMetadata.inject(InjectionMetadata.java:88)
	at org.springframework.beans.factory.annotation.AutowiredAnnotationBeanPostProcessor.postProcessPropertyValues(AutowiredAnnotationBeanPostProcessor.java:331)
	... 47 more
Caused by: org.springframework.beans.factory.BeanCreationException: Error creating bean with name &apos;hospitalServiceImp&apos;: Injection of autowired dependencies failed; nested exception is org.springframework.beans.factory.BeanCreationException: Could not autowire field: private com.vico.license.dao.HospitalDao com.vico.license.service.HospitalServiceImp.hospitaldao; nested exception is org.springframework.beans.factory.BeanCreationException: Error creating bean with name &apos;hospitalDao&apos; defined in file [D:\vico\trunk\PRO\Liu.Dun\SourceCode\license\target\classes\com\vico\license\dao\HospitalDao.class]: Cannot resolve reference to bean &apos;sqlSessionFactory&apos; while setting bean property &apos;sqlSessionFactory&apos;; nested exception is org.springframework.beans.factory.BeanCreationException: Error creating bean with name &apos;sqlSessionFactory&apos; defined in class path resource [spring-mybatis.xml]: Initialization of bean failed; nested exception is org.springframework.beans.TypeMismatchException: Failed to convert property value of type [java.lang.String] to required type [org.springframework.core.io.Resource[]] for property &apos;mapperLocations&apos;; nested exception is java.lang.IllegalArgumentException: Could not resolve resource location pattern [classpath:com/vico/license/mapper/*.xml]: class path resource [com/vico/license/mapper/] cannot be resolved to URL because it does not exist
	at org.springframework.beans.factory.annotation.AutowiredAnnotationBeanPostProcessor.postProcessPropertyValues(AutowiredAnnotationBeanPostProcessor.java:334)
	at org.springframework.beans.factory.support.AbstractAutowireCapableBeanFactory.populateBean(AbstractAutowireCapableBeanFactory.java:1214)
	at org.springframework.beans.factory.support.AbstractAutowireCapableBeanFactory.doCreateBean(AbstractAutowireCapableBeanFactory.java:543)
	at org.springframework.beans.factory.support.AbstractAutowireCapableBeanFactory.createBean(AbstractAutowireCapableBeanFactory.java:482)
	at org.springframework.beans.factory.support.AbstractBeanFactory$1.getObject(AbstractBeanFactory.java:306)
	at org.springframework.beans.factory.support.DefaultSingletonBeanRegistry.getSingleton(DefaultSingletonBeanRegistry.java:230)
	at org.springframework.beans.factory.support.AbstractBeanFactory.doGetBean(AbstractBeanFactory.java:302)
	at org.springframework.beans.factory.support.AbstractBeanFactory.getBean(AbstractBeanFactory.java:197)
	at org.springframework.beans.factory.support.DefaultListableBeanFactory.findAutowireCandidates(DefaultListableBeanFactory.java:1192)
	at org.springframework.beans.factory.support.DefaultListableBeanFactory.doResolveDependency(DefaultListableBeanFactory.java:1116)
	at org.springframework.beans.factory.support.DefaultListableBeanFactory.resolveDependency(DefaultListableBeanFactory.java:1014)
	at org.springframework.beans.factory.annotation.AutowiredAnnotationBeanPostProcessor$AutowiredFieldElement.inject(AutowiredAnnotationBeanPostProcessor.java:545)
	... 49 more
Caused by: org.springframework.beans.factory.BeanCreationException: Could not autowire field: private com.vico.license.dao.HospitalDao com.vico.license.service.HospitalServiceImp.hospitaldao; nested exception is org.springframework.beans.factory.BeanCreationException: Error creating bean with name &apos;hospitalDao&apos; defined in file [D:\vico\trunk\PRO\Liu.Dun\SourceCode\license\target\classes\com\vico\license\dao\HospitalDao.class]: Cannot resolve reference to bean &apos;sqlSessionFactory&apos; while setting bean property &apos;sqlSessionFactory&apos;; nested exception is org.springframework.beans.factory.BeanCreationException: Error creating bean with name &apos;sqlSessionFactory&apos; defined in class path resource [spring-mybatis.xml]: Initialization of bean failed; nested exception is org.springframework.beans.TypeMismatchException: Failed to convert property value of type [java.lang.String] to required type [org.springframework.core.io.Resource[]] for property &apos;mapperLocations&apos;; nested exception is java.lang.IllegalArgumentException: Could not resolve resource location pattern [classpath:com/vico/license/mapper/*.xml]: class path resource [com/vico/license/mapper/] cannot be resolved to URL because it does not exist
	at org.springframework.beans.factory.annotation.AutowiredAnnotationBeanPostProcessor$AutowiredFieldElement.inject(AutowiredAnnotationBeanPostProcessor.java:573)
	at org.springframework.beans.factory.annotation.InjectionMetadata.inject(InjectionMetadata.java:88)
	at org.springframework.beans.factory.annotation.AutowiredAnnotationBeanPostProcessor.postProcessPropertyValues(AutowiredAnnotationBeanPostProcessor.java:331)
	... 60 more
Caused by: org.springframework.beans.factory.BeanCreationException: Error creating bean with name &apos;hospitalDao&apos; defined in file [D:\vico\trunk\PRO\Liu.Dun\SourceCode\license\target\classes\com\vico\license\dao\HospitalDao.class]: Cannot resolve reference to bean &apos;sqlSessionFactory&apos; while setting bean property &apos;sqlSessionFactory&apos;; nested exception is org.springframework.beans.factory.BeanCreationException: Error creating bean with name &apos;sqlSessionFactory&apos; defined in class path resource [spring-mybatis.xml]: Initialization of bean failed; nested exception is org.springframework.beans.TypeMismatchException: Failed to convert property value of type [java.lang.String] to required type [org.springframework.core.io.Resource[]] for property &apos;mapperLocations&apos;; nested exception is java.lang.IllegalArgumentException: Could not resolve resource location pattern [classpath:com/vico/license/mapper/*.xml]: class path resource [com/vico/license/mapper/] cannot be resolved to URL because it does not exist
	at org.springframework.beans.factory.support.BeanDefinitionValueResolver.resolveReference(BeanDefinitionValueResolver.java:359)
	at org.springframework.beans.factory.support.BeanDefinitionValueResolver.resolveValueIfNecessary(BeanDefinitionValueResolver.java:108)
	at org.springframework.beans.factory.support.AbstractAutowireCapableBeanFactory.applyPropertyValues(AbstractAutowireCapableBeanFactory.java:1481)
	at org.springframework.beans.factory.support.AbstractAutowireCapableBeanFactory.populateBean(AbstractAutowireCapableBeanFactory.java:1226)
	at org.springframework.beans.factory.support.AbstractAutowireCapableBeanFactory.doCreateBean(AbstractAutowireCapableBeanFactory.java:543)
	at org.springframework.beans.factory.support.AbstractAutowireCapableBeanFactory.createBean(AbstractAutowireCapableBeanFactory.java:482)
	at org.springframework.beans.factory.support.AbstractBeanFactory$1.getObject(AbstractBeanFactory.java:306)
	at org.springframework.beans.factory.support.DefaultSingletonBeanRegistry.getSingleton(DefaultSingletonBeanRegistry.java:230)
	at org.springframework.beans.factory.support.AbstractBeanFactory.doGetBean(AbstractBeanFactory.java:302)
	at org.springframework.beans.factory.support.AbstractBeanFactory.getBean(AbstractBeanFactory.java:197)
	at org.springframework.beans.factory.support.DefaultListableBeanFactory.findAutowireCandidates(DefaultListableBeanFactory.java:1192)
	at org.springframework.beans.factory.support.DefaultListableBeanFactory.doResolveDependency(DefaultListableBeanFactory.java:1116)
	at org.springframework.beans.factory.support.DefaultListableBeanFactory.resolveDependency(DefaultListableBeanFactory.java:1014)
	at org.springframework.beans.factory.annotation.AutowiredAnnotationBeanPostProcessor$AutowiredFieldElement.inject(AutowiredAnnotationBeanPostProcessor.java:545)
	... 62 more
Caused by: org.springframework.beans.factory.BeanCreationException: Error creating bean with name &apos;sqlSessionFactory&apos; defined in class path resource [spring-mybatis.xml]: Initialization of bean failed; nested exception is org.springframework.beans.TypeMismatchException: Failed to convert property value of type [java.lang.String] to required type [org.springframework.core.io.Resource[]] for property &apos;mapperLocations&apos;; nested exception is java.lang.IllegalArgumentException: Could not resolve resource location pattern [classpath:com/vico/license/mapper/*.xml]: class path resource [com/vico/license/mapper/] cannot be resolved to URL because it does not exist
	at org.springframework.beans.factory.support.AbstractAutowireCapableBeanFactory.doCreateBean(AbstractAutowireCapableBeanFactory.java:553)
	at org.springframework.beans.factory.support.AbstractAutowireCapableBeanFactory.createBean(AbstractAutowireCapableBeanFactory.java:482)
	at org.springframework.beans.factory.support.AbstractBeanFactory$1.getObject(AbstractBeanFactory.java:306)
	at org.springframework.beans.factory.support.DefaultSingletonBeanRegistry.getSingleton(DefaultSingletonBeanRegistry.java:230)
	at org.springframework.beans.factory.support.AbstractBeanFactory.doGetBean(AbstractBeanFactory.java:302)
	at org.springframework.beans.factory.support.AbstractBeanFactory.getBean(AbstractBeanFactory.java:197)
	at org.springframework.beans.factory.support.BeanDefinitionValueResolver.resolveReference(BeanDefinitionValueResolver.java:351)
	... 75 more
Caused by: org.springframework.beans.TypeMismatchException: Failed to convert property value of type [java.lang.String] to required type [org.springframework.core.io.Resource[]] for property &apos;mapperLocations&apos;; nested exception is java.lang.IllegalArgumentException: Could not resolve resource location pattern [classpath:com/vico/license/mapper/*.xml]: class path resource [com/vico/license/mapper/] cannot be resolved to URL because it does not exist
	at org.springframework.beans.AbstractNestablePropertyAccessor.convertIfNecessary(AbstractNestablePropertyAccessor.java:596)
	at org.springframework.beans.AbstractNestablePropertyAccessor.convertForProperty(AbstractNestablePropertyAccessor.java:603)
	at org.springframework.beans.BeanWrapperImpl.convertForProperty(BeanWrapperImpl.java:203)
	at org.springframework.beans.factory.support.AbstractAutowireCapableBeanFactory.convertForProperty(AbstractAutowireCapableBeanFactory.java:1527)
	at org.springframework.beans.factory.support.AbstractAutowireCapableBeanFactory.applyPropertyValues(AbstractAutowireCapableBeanFactory.java:1486)
	at org.springframework.beans.factory.support.AbstractAutowireCapableBeanFactory.populateBean(AbstractAutowireCapableBeanFactory.java:1226)
	at org.springframework.beans.factory.support.AbstractAutowireCapableBeanFactory.doCreateBean(AbstractAutowireCapableBeanFactory.java:543)
	... 81 more
Caused by: java.lang.IllegalArgumentException: Could not resolve resource location pattern [classpath:com/vico/license/mapper/*.xml]: class path resource [com/vico/license/mapper/] cannot be resolved to URL because it does not exist
	at org.springframework.core.io.support.ResourceArrayPropertyEditor.setAsText(ResourceArrayPropertyEditor.java:116)
	at org.springframework.beans.TypeConverterDelegate.doConvertTextValue(TypeConverterDelegate.java:464)
	at org.springframework.beans.TypeConverterDelegate.doConvertValue(TypeConverterDelegate.java:437)
	at org.springframework.beans.TypeConverterDelegate.convertIfNecessary(TypeConverterDelegate.java:195)
	at org.springframework.beans.AbstractNestablePropertyAccessor.convertIfNecessary(AbstractNestablePropertyAccessor.java:576)
	... 87 more
</error>
    <system-out>[org.springframework.test.context.junit4.SpringJUnit4ClassRunner]SpringJUnit4ClassRunner constructor called with [class com.vico.license.service.test.HospitalServiceImpTest]
[org.springframework.test.context.BootstrapUtils]Instantiating CacheAwareContextLoaderDelegate from class [org.springframework.test.context.cache.DefaultCacheAwareContextLoaderDelegate]
[org.springframework.test.context.BootstrapUtils]Instantiating BootstrapContext using constructor [public org.springframework.test.context.support.DefaultBootstrapContext(java.lang.Class,org.springframework.test.context.CacheAwareContextLoaderDelegate)]
[org.springframework.test.context.BootstrapUtils]Instantiating TestContextBootstrapper for test class [com.vico.license.service.test.HospitalServiceImpTest] from class [org.springframework.test.context.support.DefaultTestContextBootstrapper]
[org.springframework.test.context.support.AbstractDelegatingSmartContextLoader]Delegating to GenericXmlContextLoader to process context configuration [ContextConfigurationAttributes@2cb4c3ab declaringClass = &apos;com.vico.license.service.test.HospitalServiceImpTest&apos;, classes = &apos;{}&apos;, locations = &apos;{classpath:spring.xml, classpath:spring-mybatis.xml}&apos;, inheritLocations = true, initializers = &apos;{}&apos;, inheritInitializers = true, name = [null], contextLoaderClass = &apos;org.springframework.test.context.ContextLoader&apos;].
[org.springframework.test.context.support.ActiveProfilesUtils]Could not find an &apos;annotation declaring class&apos; for annotation type [org.springframework.test.context.ActiveProfiles] and class [com.vico.license.service.test.HospitalServiceImpTest]
[org.springframework.test.context.support.DefaultTestContextBootstrapper]@TestExecutionListeners is not present for class [com.vico.license.service.test.HospitalServiceImpTest]: using defaults.
[org.springframework.test.context.support.DefaultTestContextBootstrapper]Loaded default TestExecutionListener class names from location [META-INF/spring.factories]: [org.springframework.test.context.web.ServletTestExecutionListener, org.springframework.test.context.support.DirtiesContextBeforeModesTestExecutionListener, org.springframework.test.context.support.DependencyInjectionTestExecutionListener, org.springframework.test.context.support.DirtiesContextTestExecutionListener, org.springframework.test.context.transaction.TransactionalTestExecutionListener, org.springframework.test.context.jdbc.SqlScriptsTestExecutionListener]
[org.springframework.test.context.support.DefaultTestContextBootstrapper]Using TestExecutionListeners: [org.springframework.test.context.web.ServletTestExecutionListener@7d9d1a19, org.springframework.test.context.support.DirtiesContextBeforeModesTestExecutionListener@39c0f4a, org.springframework.test.context.support.DependencyInjectionTestExecutionListener@1794d431, org.springframework.test.context.support.DirtiesContextTestExecutionListener@42e26948, org.springframework.test.context.transaction.TransactionalTestExecutionListener@57baeedf, org.springframework.test.context.jdbc.SqlScriptsTestExecutionListener@343f4d3d]
[org.springframework.test.annotation.ProfileValueUtils]Retrieved @ProfileValueSourceConfiguration [null] for test class [com.vico.license.service.test.HospitalServiceImpTest]
[org.springframework.test.annotation.ProfileValueUtils]Retrieved ProfileValueSource type [class org.springframework.test.annotation.SystemProfileValueSource] for class [com.vico.license.service.test.HospitalServiceImpTest]
[org.springframework.test.annotation.ProfileValueUtils]Retrieved @ProfileValueSourceConfiguration [null] for test class [com.vico.license.service.test.HospitalServiceImpTest]
[org.springframework.test.annotation.ProfileValueUtils]Retrieved ProfileValueSource type [class org.springframework.test.annotation.SystemProfileValueSource] for class [com.vico.license.service.test.HospitalServiceImpTest]
[org.springframework.test.context.support.AbstractDirtiesContextTestExecutionListener]Before test class: context [DefaultTestContext@3c0ecd4b testClass = HospitalServiceImpTest, testInstance = [null], testMethod = [null], testException = [null], mergedContextConfiguration = [MergedContextConfiguration@14bf9759 testClass = HospitalServiceImpTest, locations = &apos;{classpath:spring.xml, classpath:spring-mybatis.xml}&apos;, classes = &apos;{}&apos;, contextInitializerClasses = &apos;[]&apos;, activeProfiles = &apos;{}&apos;, propertySourceLocations = &apos;{}&apos;, propertySourceProperties = &apos;{}&apos;, contextLoader = &apos;org.springframework.test.context.support.DelegatingSmartContextLoader&apos;, parent = [null]]], class annotated with @DirtiesContext [false] with mode [null].
[org.springframework.test.annotation.ProfileValueUtils]Retrieved @ProfileValueSourceConfiguration [null] for test class [com.vico.license.service.test.HospitalServiceImpTest]
[org.springframework.test.annotation.ProfileValueUtils]Retrieved ProfileValueSource type [class org.springframework.test.annotation.SystemProfileValueSource] for class [com.vico.license.service.test.HospitalServiceImpTest]
[org.springframework.test.context.support.DependencyInjectionTestExecutionListener]Performing dependency injection for test context [[DefaultTestContext@3c0ecd4b testClass = HospitalServiceImpTest, testInstance = com.vico.license.service.test.HospitalServiceImpTest@73ad2d6, testMethod = [null], testException = [null], mergedContextConfiguration = [MergedContextConfiguration@14bf9759 testClass = HospitalServiceImpTest, locations = &apos;{classpath:spring.xml, classpath:spring-mybatis.xml}&apos;, classes = &apos;{}&apos;, contextInitializerClasses = &apos;[]&apos;, activeProfiles = &apos;{}&apos;, propertySourceLocations = &apos;{}&apos;, propertySourceProperties = &apos;{}&apos;, contextLoader = &apos;org.springframework.test.context.support.DelegatingSmartContextLoader&apos;, parent = [null]]]].
[org.springframework.test.context.support.AbstractDelegatingSmartContextLoader]Delegating to GenericXmlContextLoader to load context from [MergedContextConfiguration@14bf9759 testClass = HospitalServiceImpTest, locations = &apos;{classpath:spring.xml, classpath:spring-mybatis.xml}&apos;, classes = &apos;{}&apos;, contextInitializerClasses = &apos;[]&apos;, activeProfiles = &apos;{}&apos;, propertySourceLocations = &apos;{}&apos;, propertySourceProperties = &apos;{}&apos;, contextLoader = &apos;org.springframework.test.context.support.DelegatingSmartContextLoader&apos;, parent = [null]].
[org.springframework.test.context.support.AbstractGenericContextLoader]Loading ApplicationContext for merged context configuration [[MergedContextConfiguration@14bf9759 testClass = HospitalServiceImpTest, locations = &apos;{classpath:spring.xml, classpath:spring-mybatis.xml}&apos;, classes = &apos;{}&apos;, contextInitializerClasses = &apos;[]&apos;, activeProfiles = &apos;{}&apos;, propertySourceLocations = &apos;{}&apos;, propertySourceProperties = &apos;{}&apos;, contextLoader = &apos;org.springframework.test.context.support.DelegatingSmartContextLoader&apos;, parent = [null]]].
[org.springframework.core.env.StandardEnvironment]Adding [systemProperties] PropertySource with lowest search precedence
[org.springframework.core.env.StandardEnvironment]Adding [systemEnvironment] PropertySource with lowest search precedence
[org.springframework.core.env.StandardEnvironment]Initialized StandardEnvironment with PropertySources [systemProperties,systemEnvironment]
[org.springframework.beans.factory.xml.XmlBeanDefinitionReader]Loading XML bean definitions from class path resource [spring.xml]
[org.springframework.beans.factory.xml.DefaultDocumentLoader]Using JAXP provider [com.sun.org.apache.xerces.internal.jaxp.DocumentBuilderFactoryImpl]
[org.springframework.beans.factory.xml.XmlBeanDefinitionReader]Ignored XML validation warning
org.xml.sax.SAXParseException; lineNumber: 7; columnNumber: 58; SchemaLocation: schemaLocation ֵ &apos; http://www.springframework.org/schema/beans http://www.springframework.org/schema/beans/spring-beans-3.0.xsd http://www.springframework.org/schema/context http://www.springframework.org/schema/context/spring-context-3.0.xsd http://www.springframework.org/schema/tx/spring-tx.xsd&apos; �������ż���� URI��
	at com.sun.org.apache.xerces.internal.util.ErrorHandlerWrapper.createSAXParseException(ErrorHandlerWrapper.java:203)
	at com.sun.org.apache.xerces.internal.util.ErrorHandlerWrapper.warning(ErrorHandlerWrapper.java:99)
	at com.sun.org.apache.xerces.internal.impl.XMLErrorReporter.reportError(XMLErrorReporter.java:433)
	at com.sun.org.apache.xerces.internal.impl.XMLErrorReporter.reportError(XMLErrorReporter.java:368)
	at com.sun.org.apache.xerces.internal.impl.XMLErrorReporter.reportError(XMLErrorReporter.java:325)
	at com.sun.org.apache.xerces.internal.impl.xs.XMLSchemaValidator$XSIErrorReporter.reportError(XMLSchemaValidator.java:458)
	at com.sun.org.apache.xerces.internal.impl.xs.XMLSchemaValidator.storeLocations(XMLSchemaValidator.java:2353)
	at com.sun.org.apache.xerces.internal.impl.xs.XMLSchemaValidator.handleStartElement(XMLSchemaValidator.java:1760)
	at com.sun.org.apache.xerces.internal.impl.xs.XMLSchemaValidator.startElement(XMLSchemaValidator.java:746)
	at com.sun.org.apache.xerces.internal.impl.XMLNSDocumentScannerImpl.scanStartElement(XMLNSDocumentScannerImpl.java:379)
	at com.sun.org.apache.xerces.internal.impl.XMLNSDocumentScannerImpl$NSContentDriver.scanRootElementHook(XMLNSDocumentScannerImpl.java:605)
	at com.sun.org.apache.xerces.internal.impl.XMLDocumentFragmentScannerImpl$FragmentContentDriver.next(XMLDocumentFragmentScannerImpl.java:3138)
	at com.sun.org.apache.xerces.internal.impl.XMLDocumentScannerImpl$PrologDriver.next(XMLDocumentScannerImpl.java:880)
	at com.sun.org.apache.xerces.internal.impl.XMLDocumentScannerImpl.next(XMLDocumentScannerImpl.java:606)
	at com.sun.org.apache.xerces.internal.impl.XMLNSDocumentScannerImpl.next(XMLNSDocumentScannerImpl.java:117)
	at com.sun.org.apache.xerces.internal.impl.XMLDocumentFragmentScannerImpl.scanDocument(XMLDocumentFragmentScannerImpl.java:510)
	at com.sun.org.apache.xerces.internal.parsers.XML11Configuration.parse(XML11Configuration.java:848)
	at com.sun.org.apache.xerces.internal.parsers.XML11Configuration.parse(XML11Configuration.java:777)
	at com.sun.org.apache.xerces.internal.parsers.XMLParser.parse(XMLParser.java:141)
	at com.sun.org.apache.xerces.internal.parsers.DOMParser.parse(DOMParser.java:243)
	at com.sun.org.apache.xerces.internal.jaxp.DocumentBuilderImpl.parse(DocumentBuilderImpl.java:348)
	at org.springframework.beans.factory.xml.DefaultDocumentLoader.loadDocument(DefaultDocumentLoader.java:76)
	at org.springframework.beans.factory.xml.XmlBeanDefinitionReader.doLoadDocument(XmlBeanDefinitionReader.java:429)
	at org.springframework.beans.factory.xml.XmlBeanDefinitionReader.doLoadBeanDefinitions(XmlBeanDefinitionReader.java:391)
	at org.springframework.beans.factory.xml.XmlBeanDefinitionReader.loadBeanDefinitions(XmlBeanDefinitionReader.java:336)
	at org.springframework.beans.factory.xml.XmlBeanDefinitionReader.loadBeanDefinitions(XmlBeanDefinitionReader.java:304)
	at org.springframework.beans.factory.support.AbstractBeanDefinitionReader.loadBeanDefinitions(AbstractBeanDefinitionReader.java:181)
	at org.springframework.beans.factory.support.AbstractBeanDefinitionReader.loadBeanDefinitions(AbstractBeanDefinitionReader.java:217)
	at org.springframework.beans.factory.support.AbstractBeanDefinitionReader.loadBeanDefinitions(AbstractBeanDefinitionReader.java:188)
	at org.springframework.beans.factory.support.AbstractBeanDefinitionReader.loadBeanDefinitions(AbstractBeanDefinitionReader.java:252)
	at org.springframework.test.context.support.AbstractGenericContextLoader.loadBeanDefinitions(AbstractGenericContextLoader.java:253)
	at org.springframework.test.context.support.AbstractGenericContextLoader.loadContext(AbstractGenericContextLoader.java:122)
	at org.springframework.test.context.support.AbstractGenericContextLoader.loadContext(AbstractGenericContextLoader.java:60)
	at org.springframework.test.context.support.AbstractDelegatingSmartContextLoader.delegateLoading(AbstractDelegatingSmartContextLoader.java:109)
	at org.springframework.test.context.support.AbstractDelegatingSmartContextLoader.loadContext(AbstractDelegatingSmartContextLoader.java:261)
	at org.springframework.test.context.cache.DefaultCacheAwareContextLoaderDelegate.loadContextInternal(DefaultCacheAwareContextLoaderDelegate.java:98)
	at org.springframework.test.context.cache.DefaultCacheAwareContextLoaderDelegate.loadContext(DefaultCacheAwareContextLoaderDelegate.java:116)
	at org.springframework.test.context.support.DefaultTestContext.getApplicationContext(DefaultTestContext.java:83)
	at org.springframework.test.context.support.DependencyInjectionTestExecutionListener.injectDependencies(DependencyInjectionTestExecutionListener.java:117)
	at org.springframework.test.context.support.DependencyInjectionTestExecutionListener.prepareTestInstance(DependencyInjectionTestExecutionListener.java:83)
	at org.springframework.test.context.TestContextManager.prepareTestInstance(TestContextManager.java:228)
	at org.springframework.test.context.junit4.SpringJUnit4ClassRunner.createTest(SpringJUnit4ClassRunner.java:230)
	at org.springframework.test.context.junit4.SpringJUnit4ClassRunner$1.runReflectiveCall(SpringJUnit4ClassRunner.java:289)
	at org.junit.internal.runners.model.ReflectiveCallable.run(ReflectiveCallable.java:12)
	at org.springframework.test.context.junit4.SpringJUnit4ClassRunner.methodBlock(SpringJUnit4ClassRunner.java:291)
	at org.springframework.test.context.junit4.SpringJUnit4ClassRunner.runChild(SpringJUnit4ClassRunner.java:249)
	at org.springframework.test.context.junit4.SpringJUnit4ClassRunner.runChild(SpringJUnit4ClassRunner.java:89)
	at org.junit.runners.ParentRunner$3.run(ParentRunner.java:238)
	at org.junit.runners.ParentRunner$1.schedule(ParentRunner.java:63)
	at org.junit.runners.ParentRunner.runChildren(ParentRunner.java:236)
	at org.junit.runners.ParentRunner.access$000(ParentRunner.java:53)
	at org.junit.runners.ParentRunner$2.evaluate(ParentRunner.java:229)
	at org.springframework.test.context.junit4.statements.RunBeforeTestClassCallbacks.evaluate(RunBeforeTestClassCallbacks.java:61)
	at org.springframework.test.context.junit4.statements.RunAfterTestClassCallbacks.evaluate(RunAfterTestClassCallbacks.java:70)
	at org.junit.runners.ParentRunner.run(ParentRunner.java:309)
	at org.springframework.test.context.junit4.SpringJUnit4ClassRunner.run(SpringJUnit4ClassRunner.java:193)
	at org.apache.maven.surefire.junit4.JUnit4Provider.execute(JUnit4Provider.java:252)
	at org.apache.maven.surefire.junit4.JUnit4Provider.executeTestSet(JUnit4Provider.java:141)
	at org.apache.maven.surefire.junit4.JUnit4Provider.invoke(JUnit4Provider.java:112)
	at sun.reflect.NativeMethodAccessorImpl.invoke0(Native Method)
	at sun.reflect.NativeMethodAccessorImpl.invoke(NativeMethodAccessorImpl.java:62)
	at sun.reflect.DelegatingMethodAccessorImpl.invoke(DelegatingMethodAccessorImpl.java:43)
	at java.lang.reflect.Method.invoke(Method.java:497)
	at org.apache.maven.surefire.util.ReflectionUtils.invokeMethodWithArray(ReflectionUtils.java:189)
	at org.apache.maven.surefire.booter.ProviderFactory$ProviderProxy.invoke(ProviderFactory.java:165)
	at org.apache.maven.surefire.booter.ProviderFactory.invokeProvider(ProviderFactory.java:85)
	at org.apache.maven.surefire.booter.ForkedBooter.runSuitesInProcess(ForkedBooter.java:115)
	at org.apache.maven.surefire.booter.ForkedBooter.main(ForkedBooter.java:75)
[org.springframework.beans.factory.xml.PluggableSchemaResolver]Loading schema mappings from [META-INF/spring.schemas]
[org.springframework.beans.factory.xml.PluggableSchemaResolver]Loaded schema mappings: {http://www.springframework.org/schema/tx/spring-tx-2.5.xsd=org/springframework/transaction/config/spring-tx-2.5.xsd, http://www.springframework.org/schema/cache/spring-cache-4.2.xsd=org/springframework/cache/config/spring-cache-4.2.xsd, http://www.springframework.org/schema/aop/spring-aop-4.1.xsd=org/springframework/aop/config/spring-aop-4.1.xsd, http://www.springframework.org/schema/context/spring-context-3.1.xsd=org/springframework/context/config/spring-context-3.1.xsd, http://www.springframework.org/schema/jdbc/spring-jdbc-4.1.xsd=org/springframework/jdbc/config/spring-jdbc-4.1.xsd, http://www.springframework.org/schema/util/spring-util-3.0.xsd=org/springframework/beans/factory/xml/spring-util-3.0.xsd, http://www.springframework.org/schema/mvc/spring-mvc-4.1.xsd=org/springframework/web/servlet/config/spring-mvc-4.1.xsd, http://mybatis.org/schema/mybatis-spring-1.2.xsd=org/mybatis/spring/config/mybatis-spring-1.2.xsd, http://www.springframework.org/schema/aop/spring-aop-3.2.xsd=org/springframework/aop/config/spring-aop-3.2.xsd, http://www.springframework.org/schema/tool/spring-tool.xsd=org/springframework/beans/factory/xml/spring-tool-4.2.xsd, http://www.springframework.org/schema/lang/spring-lang-4.1.xsd=org/springframework/scripting/config/spring-lang-4.1.xsd, http://www.springframework.org/schema/context/spring-context-4.0.xsd=org/springframework/context/config/spring-context-4.0.xsd, http://www.springframework.org/schema/mvc/spring-mvc-3.2.xsd=org/springframework/web/servlet/config/spring-mvc-3.2.xsd, http://www.springframework.org/schema/beans/spring-beans-4.2.xsd=org/springframework/beans/factory/xml/spring-beans-4.2.xsd, http://www.springframework.org/schema/tool/spring-tool-4.1.xsd=org/springframework/beans/factory/xml/spring-tool-4.1.xsd, http://www.springframework.org/schema/lang/spring-lang-3.2.xsd=org/springframework/scripting/config/spring-lang-3.2.xsd, http://www.springframework.org/schema/cache/spring-cache-3.2.xsd=org/springframework/cache/config/spring-cache-3.2.xsd, http://www.springframework.org/schema/jee/spring-jee-4.1.xsd=org/springframework/ejb/config/spring-jee-4.1.xsd, http://www.springframework.org/schema/jdbc/spring-jdbc-3.1.xsd=org/springframework/jdbc/config/spring-jdbc-3.1.xsd, http://www.springframework.org/schema/util/spring-util-2.0.xsd=org/springframework/beans/factory/xml/spring-util-2.0.xsd, http://www.springframework.org/schema/task/spring-task-4.2.xsd=org/springframework/scheduling/config/spring-task-4.2.xsd, http://www.springframework.org/schema/tool/spring-tool-3.2.xsd=org/springframework/beans/factory/xml/spring-tool-3.2.xsd, http://www.springframework.org/schema/context/spring-context.xsd=org/springframework/context/config/spring-context-4.2.xsd, http://www.springframework.org/schema/tx/spring-tx-4.2.xsd=org/springframework/transaction/config/spring-tx-4.2.xsd, http://www.springframework.org/schema/cache/spring-cache-4.1.xsd=org/springframework/cache/config/spring-cache-4.1.xsd, http://www.springframework.org/schema/aop/spring-aop-4.0.xsd=org/springframework/aop/config/spring-aop-4.0.xsd, http://www.springframework.org/schema/jee/spring-jee-3.2.xsd=org/springframework/ejb/config/spring-jee-3.2.xsd, http://www.springframework.org/schema/context/spring-context-3.0.xsd=org/springframework/context/config/spring-context-3.0.xsd, http://www.springframework.org/schema/jdbc/spring-jdbc-4.0.xsd=org/springframework/jdbc/config/spring-jdbc-4.0.xsd, http://www.springframework.org/schema/util/spring-util-2.5.xsd=org/springframework/beans/factory/xml/spring-util-2.5.xsd, http://www.springframework.org/schema/mvc/spring-mvc-4.0.xsd=org/springframework/web/servlet/config/spring-mvc-4.0.xsd, http://www.springframework.org/schema/beans/spring-beans-3.2.xsd=org/springframework/beans/factory/xml/spring-beans-3.2.xsd, http://www.springframework.org/schema/aop/spring-aop-3.1.xsd=org/springframework/aop/config/spring-aop-3.1.xsd, http://www.springframework.org/schema/lang/spring-lang-4.0.xsd=org/springframework/scripting/config/spring-lang-4.0.xsd, http://www.springframework.org/schema/mvc/spring-mvc.xsd=org/springframework/web/servlet/config/spring-mvc-4.2.xsd, http://www.springframework.org/schema/mvc/spring-mvc-3.1.xsd=org/springframework/web/servlet/config/spring-mvc-3.1.xsd, http://www.springframework.org/schema/beans/spring-beans-4.1.xsd=org/springframework/beans/factory/xml/spring-beans-4.1.xsd, http://www.springframework.org/schema/tool/spring-tool-4.0.xsd=org/springframework/beans/factory/xml/spring-tool-4.0.xsd, http://www.springframework.org/schema/tx/spring-tx-3.2.xsd=org/springframework/transaction/config/spring-tx-3.2.xsd, http://www.springframework.org/schema/lang/spring-lang-3.1.xsd=org/springframework/scripting/config/spring-lang-3.1.xsd, http://www.springframework.org/schema/cache/spring-cache-3.1.xsd=org/springframework/cache/config/spring-cache-3.1.xsd, http://www.springframework.org/schema/jee/spring-jee-4.0.xsd=org/springframework/ejb/config/spring-jee-4.0.xsd, http://www.springframework.org/schema/jdbc/spring-jdbc-3.0.xsd=org/springframework/jdbc/config/spring-jdbc-3.0.xsd, http://www.springframework.org/schema/task/spring-task-4.1.xsd=org/springframework/scheduling/config/spring-task-4.1.xsd, http://www.springframework.org/schema/jdbc/spring-jdbc.xsd=org/springframework/jdbc/config/spring-jdbc-4.2.xsd, http://www.springframework.org/schema/tool/spring-tool-3.1.xsd=org/springframework/beans/factory/xml/spring-tool-3.1.xsd, http://www.springframework.org/schema/tx/spring-tx-4.1.xsd=org/springframework/transaction/config/spring-tx-4.1.xsd, http://www.springframework.org/schema/cache/spring-cache-4.0.xsd=org/springframework/cache/config/spring-cache-4.0.xsd, http://www.springframework.org/schema/jee/spring-jee-3.1.xsd=org/springframework/ejb/config/spring-jee-3.1.xsd, http://www.springframework.org/schema/task/spring-task-3.2.xsd=org/springframework/scheduling/config/spring-task-3.2.xsd, http://www.springframework.org/schema/util/spring-util-4.2.xsd=org/springframework/beans/factory/xml/spring-util-4.2.xsd, http://www.springframework.org/schema/beans/spring-beans-3.1.xsd=org/springframework/beans/factory/xml/spring-beans-3.1.xsd, http://www.springframework.org/schema/util/spring-util.xsd=org/springframework/beans/factory/xml/spring-util-4.2.xsd, http://www.springframework.org/schema/aop/spring-aop-3.0.xsd=org/springframework/aop/config/spring-aop-3.0.xsd, http://www.springframework.org/schema/mvc/spring-mvc-3.0.xsd=org/springframework/web/servlet/config/spring-mvc-3.0.xsd, http://www.springframework.org/schema/beans/spring-beans-4.0.xsd=org/springframework/beans/factory/xml/spring-beans-4.0.xsd, http://www.springframework.org/schema/beans/spring-beans.xsd=org/springframework/beans/factory/xml/spring-beans-4.2.xsd, http://www.springframework.org/schema/tx/spring-tx-3.1.xsd=org/springframework/transaction/config/spring-tx-3.1.xsd, http://mybatis.org/schema/mybatis-spring.xsd=org/mybatis/spring/config/mybatis-spring-1.2.xsd, http://www.springframework.org/schema/lang/spring-lang-3.0.xsd=org/springframework/scripting/config/spring-lang-3.0.xsd, http://www.springframework.org/schema/context/spring-context-2.5.xsd=org/springframework/context/config/spring-context-2.5.xsd, http://www.springframework.org/schema/task/spring-task-4.0.xsd=org/springframework/scheduling/config/spring-task-4.0.xsd, http://www.springframework.org/schema/tool/spring-tool-3.0.xsd=org/springframework/beans/factory/xml/spring-tool-3.0.xsd, http://www.springframework.org/schema/tx/spring-tx-4.0.xsd=org/springframework/transaction/config/spring-tx-4.0.xsd, http://www.springframework.org/schema/aop/spring-aop-2.0.xsd=org/springframework/aop/config/spring-aop-2.0.xsd, http://www.springframework.org/schema/jee/spring-jee-3.0.xsd=org/springframework/ejb/config/spring-jee-3.0.xsd, http://www.springframework.org/schema/util/spring-util-4.1.xsd=org/springframework/beans/factory/xml/spring-util-4.1.xsd, http://www.springframework.org/schema/task/spring-task-3.1.xsd=org/springframework/scheduling/config/spring-task-3.1.xsd, http://www.springframework.org/schema/beans/spring-beans-3.0.xsd=org/springframework/beans/factory/xml/spring-beans-3.0.xsd, http://www.springframework.org/schema/jee/spring-jee.xsd=org/springframework/ejb/config/spring-jee-4.2.xsd, http://www.springframework.org/schema/aop/spring-aop-2.5.xsd=org/springframework/aop/config/spring-aop-2.5.xsd, http://www.springframework.org/schema/lang/spring-lang-2.0.xsd=org/springframework/scripting/config/spring-lang-2.0.xsd, http://www.springframework.org/schema/util/spring-util-3.2.xsd=org/springframework/beans/factory/xml/spring-util-3.2.xsd, http://www.springframework.org/schema/task/spring-task.xsd=org/springframework/scheduling/config/spring-task-4.2.xsd, http://www.springframework.org/schema/tool/spring-tool-2.0.xsd=org/springframework/beans/factory/xml/spring-tool-2.0.xsd, http://www.springframework.org/schema/tx/spring-tx-3.0.xsd=org/springframework/transaction/config/spring-tx-3.0.xsd, http://www.springframework.org/schema/lang/spring-lang-2.5.xsd=org/springframework/scripting/config/spring-lang-2.5.xsd, http://www.springframework.org/schema/context/spring-context-4.2.xsd=org/springframework/context/config/spring-context-4.2.xsd, http://www.springframework.org/schema/jee/spring-jee-2.0.xsd=org/springframework/ejb/config/spring-jee-2.0.xsd, http://www.springframework.org/schema/tool/spring-tool-2.5.xsd=org/springframework/beans/factory/xml/spring-tool-2.5.xsd, http://www.springframework.org/schema/jee/spring-jee-2.5.xsd=org/springframework/ejb/config/spring-jee-2.5.xsd, http://www.springframework.org/schema/util/spring-util-4.0.xsd=org/springframework/beans/factory/xml/spring-util-4.0.xsd, http://www.springframework.org/schema/task/spring-task-3.0.xsd=org/springframework/scheduling/config/spring-task-3.0.xsd, http://www.springframework.org/schema/aop/spring-aop-4.2.xsd=org/springframework/aop/config/spring-aop-4.2.xsd, http://www.springframework.org/schema/lang/spring-lang.xsd=org/springframework/scripting/config/spring-lang-4.2.xsd, http://www.springframework.org/schema/context/spring-context-3.2.xsd=org/springframework/context/config/spring-context-3.2.xsd, http://www.springframework.org/schema/jdbc/spring-jdbc-4.2.xsd=org/springframework/jdbc/config/spring-jdbc-4.2.xsd, http://www.springframework.org/schema/mvc/spring-mvc-4.2.xsd=org/springframework/web/servlet/config/spring-mvc-4.2.xsd, http://www.springframework.org/schema/util/spring-util-3.1.xsd=org/springframework/beans/factory/xml/spring-util-3.1.xsd, http://www.springframework.org/schema/beans/spring-beans-2.0.xsd=org/springframework/beans/factory/xml/spring-beans-2.0.xsd, http://www.springframework.org/schema/cache/spring-cache.xsd=org/springframework/cache/config/spring-cache-4.2.xsd, http://www.springframework.org/schema/tx/spring-tx.xsd=org/springframework/transaction/config/spring-tx-4.2.xsd, http://www.springframework.org/schema/lang/spring-lang-4.2.xsd=org/springframework/scripting/config/spring-lang-4.2.xsd, http://www.springframework.org/schema/context/spring-context-4.1.xsd=org/springframework/context/config/spring-context-4.1.xsd, http://www.springframework.org/schema/beans/spring-beans-2.5.xsd=org/springframework/beans/factory/xml/spring-beans-2.5.xsd, http://www.springframework.org/schema/tool/spring-tool-4.2.xsd=org/springframework/beans/factory/xml/spring-tool-4.2.xsd, http://www.springframework.org/schema/tx/spring-tx-2.0.xsd=org/springframework/transaction/config/spring-tx-2.0.xsd, http://www.springframework.org/schema/jee/spring-jee-4.2.xsd=org/springframework/ejb/config/spring-jee-4.2.xsd, http://www.springframework.org/schema/jdbc/spring-jdbc-3.2.xsd=org/springframework/jdbc/config/spring-jdbc-3.2.xsd, http://www.springframework.org/schema/aop/spring-aop.xsd=org/springframework/aop/config/spring-aop-4.2.xsd}
[org.springframework.beans.factory.xml.PluggableSchemaResolver]Found XML schema [http://www.springframework.org/schema/beans/spring-beans-3.0.xsd] in classpath: org/springframework/beans/factory/xml/spring-beans-3.0.xsd
[org.springframework.beans.factory.xml.PluggableSchemaResolver]Found XML schema [http://www.springframework.org/schema/context/spring-context-3.0.xsd] in classpath: org/springframework/context/config/spring-context-3.0.xsd
[org.springframework.beans.factory.xml.PluggableSchemaResolver]Found XML schema [http://www.springframework.org/schema/tool/spring-tool-3.0.xsd] in classpath: org/springframework/beans/factory/xml/spring-tool-3.0.xsd
[org.springframework.beans.factory.xml.DefaultBeanDefinitionDocumentReader]Loading bean definitions
[org.springframework.beans.factory.xml.DefaultNamespaceHandlerResolver]Loaded NamespaceHandler mappings: {http://www.springframework.org/schema/p=org.springframework.beans.factory.xml.SimplePropertyNamespaceHandler, http://www.springframework.org/schema/mvc=org.springframework.web.servlet.config.MvcNamespaceHandler, http://www.springframework.org/schema/util=org.springframework.beans.factory.xml.UtilNamespaceHandler, http://www.springframework.org/schema/jee=org.springframework.ejb.config.JeeNamespaceHandler, http://www.springframework.org/schema/aop=org.springframework.aop.config.AopNamespaceHandler, http://www.springframework.org/schema/jdbc=org.springframework.jdbc.config.JdbcNamespaceHandler, http://www.springframework.org/schema/cache=org.springframework.cache.config.CacheNamespaceHandler, http://mybatis.org/schema/mybatis-spring=org.mybatis.spring.config.NamespaceHandler, http://www.springframework.org/schema/c=org.springframework.beans.factory.xml.SimpleConstructorNamespaceHandler, http://www.springframework.org/schema/tx=org.springframework.transaction.config.TxNamespaceHandler, http://www.springframework.org/schema/task=org.springframework.scheduling.config.TaskNamespaceHandler, http://www.springframework.org/schema/lang=org.springframework.scripting.config.LangNamespaceHandler, http://www.springframework.org/schema/context=org.springframework.context.config.ContextNamespaceHandler}
[org.springframework.core.io.support.PathMatchingResourcePatternResolver]Resolved classpath location [com/vico/license/] to resources [URL [file:/D:/vico/trunk/PRO/Liu.Dun/SourceCode/license/target/test-classes/com/vico/license/], URL [file:/D:/vico/trunk/PRO/Liu.Dun/SourceCode/license/target/classes/com/vico/license/]]
[org.springframework.core.io.support.PathMatchingResourcePatternResolver]Looking for matching resources in directory tree [D:\vico\trunk\PRO\Liu.Dun\SourceCode\license\target\test-classes\com\vico\license]
[org.springframework.core.io.support.PathMatchingResourcePatternResolver]Searching directory [D:\vico\trunk\PRO\Liu.Dun\SourceCode\license\target\test-classes\com\vico\license] for files matching pattern [D:/vico/trunk/PRO/Liu.Dun/SourceCode/license/target/test-classes/com/vico/license/**/*.class]
[org.springframework.core.io.support.PathMatchingResourcePatternResolver]Searching directory [D:\vico\trunk\PRO\Liu.Dun\SourceCode\license\target\test-classes\com\vico\license\service] for files matching pattern [D:/vico/trunk/PRO/Liu.Dun/SourceCode/license/target/test-classes/com/vico/license/**/*.class]
[org.springframework.core.io.support.PathMatchingResourcePatternResolver]Searching directory [D:\vico\trunk\PRO\Liu.Dun\SourceCode\license\target\test-classes\com\vico\license\service\test] for files matching pattern [D:/vico/trunk/PRO/Liu.Dun/SourceCode/license/target/test-classes/com/vico/license/**/*.class]
[org.springframework.core.io.support.PathMatchingResourcePatternResolver]Searching directory [D:\vico\trunk\PRO\Liu.Dun\SourceCode\license\target\test-classes\com\vico\license\util] for files matching pattern [D:/vico/trunk/PRO/Liu.Dun/SourceCode/license/target/test-classes/com/vico/license/**/*.class]
[org.springframework.core.io.support.PathMatchingResourcePatternResolver]Searching directory [D:\vico\trunk\PRO\Liu.Dun\SourceCode\license\target\test-classes\com\vico\license\util\test] for files matching pattern [D:/vico/trunk/PRO/Liu.Dun/SourceCode/license/target/test-classes/com/vico/license/**/*.class]
[org.springframework.core.io.support.PathMatchingResourcePatternResolver]Looking for matching resources in directory tree [D:\vico\trunk\PRO\Liu.Dun\SourceCode\license\target\classes\com\vico\license]
[org.springframework.core.io.support.PathMatchingResourcePatternResolver]Searching directory [D:\vico\trunk\PRO\Liu.Dun\SourceCode\license\target\classes\com\vico\license] for files matching pattern [D:/vico/trunk/PRO/Liu.Dun/SourceCode/license/target/classes/com/vico/license/**/*.class]
[org.springframework.core.io.support.PathMatchingResourcePatternResolver]Searching directory [D:\vico\trunk\PRO\Liu.Dun\SourceCode\license\target\classes\com\vico\license\controller] for files matching pattern [D:/vico/trunk/PRO/Liu.Dun/SourceCode/license/target/classes/com/vico/license/**/*.class]
[org.springframework.core.io.support.PathMatchingResourcePatternResolver]Searching directory [D:\vico\trunk\PRO\Liu.Dun\SourceCode\license\target\classes\com\vico\license\dao] for files matching pattern [D:/vico/trunk/PRO/Liu.Dun/SourceCode/license/target/classes/com/vico/license/**/*.class]
[org.springframework.core.io.support.PathMatchingResourcePatternResolver]Searching directory [D:\vico\trunk\PRO\Liu.Dun\SourceCode\license\target\classes\com\vico\license\pojo] for files matching pattern [D:/vico/trunk/PRO/Liu.Dun/SourceCode/license/target/classes/com/vico/license/**/*.class]
[org.springframework.core.io.support.PathMatchingResourcePatternResolver]Searching directory [D:\vico\trunk\PRO\Liu.Dun\SourceCode\license\target\classes\com\vico\license\service] for files matching pattern [D:/vico/trunk/PRO/Liu.Dun/SourceCode/license/target/classes/com/vico/license/**/*.class]
[org.springframework.core.io.support.PathMatchingResourcePatternResolver]Searching directory [D:\vico\trunk\PRO\Liu.Dun\SourceCode\license\target\classes\com\vico\license\util] for files matching pattern [D:/vico/trunk/PRO/Liu.Dun/SourceCode/license/target/classes/com/vico/license/**/*.class]
[org.springframework.core.io.support.PathMatchingResourcePatternResolver]Resolved location pattern [classpath*:com/vico/license/**/*.class] to resources [file [D:\vico\trunk\PRO\Liu.Dun\SourceCode\license\target\test-classes\com\vico\license\service\test\HospitalServiceImpTest.class], file [D:\vico\trunk\PRO\Liu.Dun\SourceCode\license\target\test-classes\com\vico\license\service\test\LicenseServiceImpTest.class], file [D:\vico\trunk\PRO\Liu.Dun\SourceCode\license\target\test-classes\com\vico\license\util\test\EncryptTest.class], file [D:\vico\trunk\PRO\Liu.Dun\SourceCode\license\target\test-classes\com\vico\license\util\test\TimeDiffTest.class], file [D:\vico\trunk\PRO\Liu.Dun\SourceCode\license\target\classes\com\vico\license\controller\HospitalController.class], file [D:\vico\trunk\PRO\Liu.Dun\SourceCode\license\target\classes\com\vico\license\controller\LicenseController.class], file [D:\vico\trunk\PRO\Liu.Dun\SourceCode\license\target\classes\com\vico\license\dao\HospitalDao.class], file [D:\vico\trunk\PRO\Liu.Dun\SourceCode\license\target\classes\com\vico\license\dao\LicenseDao.class], file [D:\vico\trunk\PRO\Liu.Dun\SourceCode\license\target\classes\com\vico\license\pojo\Hospital.class], file [D:\vico\trunk\PRO\Liu.Dun\SourceCode\license\target\classes\com\vico\license\pojo\LicenseDetail.class], file [D:\vico\trunk\PRO\Liu.Dun\SourceCode\license\target\classes\com\vico\license\service\HospitalService.class], file [D:\vico\trunk\PRO\Liu.Dun\SourceCode\license\target\classes\com\vico\license\service\HospitalServiceImp.class], file [D:\vico\trunk\PRO\Liu.Dun\SourceCode\license\target\classes\com\vico\license\service\LicenseService.class], file [D:\vico\trunk\PRO\Liu.Dun\SourceCode\license\target\classes\com\vico\license\service\LicenseServiceImp.class], file [D:\vico\trunk\PRO\Liu.Dun\SourceCode\license\target\classes\com\vico\license\util\Encrypt.class], file [D:\vico\trunk\PRO\Liu.Dun\SourceCode\license\target\classes\com\vico\license\util\TimeDiff.class]]
[org.springframework.context.annotation.ClassPathBeanDefinitionScanner]Identified candidate component class: file [D:\vico\trunk\PRO\Liu.Dun\SourceCode\license\target\classes\com\vico\license\controller\HospitalController.class]
[org.springframework.context.annotation.ClassPathBeanDefinitionScanner]Identified candidate component class: file [D:\vico\trunk\PRO\Liu.Dun\SourceCode\license\target\classes\com\vico\license\controller\LicenseController.class]
[org.springframework.context.annotation.ClassPathBeanDefinitionScanner]Identified candidate component class: file [D:\vico\trunk\PRO\Liu.Dun\SourceCode\license\target\classes\com\vico\license\service\HospitalServiceImp.class]
[org.springframework.context.annotation.ClassPathBeanDefinitionScanner]Identified candidate component class: file [D:\vico\trunk\PRO\Liu.Dun\SourceCode\license\target\classes\com\vico\license\service\LicenseServiceImp.class]
[org.springframework.beans.factory.xml.XmlBeanDefinitionReader]Loaded 11 bean definitions from location pattern [classpath:spring.xml]
[org.springframework.beans.factory.xml.XmlBeanDefinitionReader]Loading XML bean definitions from class path resource [spring-mybatis.xml]
[org.springframework.beans.factory.xml.DefaultDocumentLoader]Using JAXP provider [com.sun.org.apache.xerces.internal.jaxp.DocumentBuilderFactoryImpl]
[org.springframework.beans.factory.xml.PluggableSchemaResolver]Found XML schema [http://www.springframework.org/schema/beans/spring-beans-3.1.xsd] in classpath: org/springframework/beans/factory/xml/spring-beans-3.1.xsd
[org.springframework.beans.factory.xml.DefaultBeanDefinitionDocumentReader]Loading bean definitions
[org.springframework.beans.factory.xml.BeanDefinitionParserDelegate]No XML &apos;id&apos; specified - using &apos;dataSource&apos; as bean name and [] as aliases
[org.springframework.beans.factory.xml.BeanDefinitionParserDelegate]Neither XML &apos;id&apos; nor &apos;name&apos; specified - using generated bean name [org.mybatis.spring.mapper.MapperScannerConfigurer#0]
[org.springframework.beans.factory.xml.XmlBeanDefinitionReader]Loaded 4 bean definitions from location pattern [classpath:spring-mybatis.xml]
[org.springframework.context.support.GenericApplicationContext]Refreshing org.springframework.context.support.GenericApplicationContext@3327bd23: startup date [Tue Jun 21 20:24:06 CST 2016]; root of context hierarchy
[org.springframework.context.support.GenericApplicationContext]Bean factory for org.springframework.context.support.GenericApplicationContext@3327bd23: org.springframework.beans.factory.support.DefaultListableBeanFactory@6107227e: defining beans [org.springframework.beans.factory.config.PropertyPlaceholderConfigurer#0,hospitalController,licenseController,hospitalServiceImp,licenseServiceImp,org.springframework.context.annotation.internalConfigurationAnnotationProcessor,org.springframework.context.annotation.internalAutowiredAnnotationProcessor,org.springframework.context.annotation.internalRequiredAnnotationProcessor,org.springframework.context.annotation.internalCommonAnnotationProcessor,org.springframework.context.event.internalEventListenerProcessor,org.springframework.context.event.internalEventListenerFactory,dataSource,sqlSessionFactory,org.mybatis.spring.mapper.MapperScannerConfigurer#0,transactionManager]; root of factory hierarchy
[org.springframework.beans.factory.support.DefaultListableBeanFactory]Creating shared instance of singleton bean &apos;org.springframework.context.annotation.internalConfigurationAnnotationProcessor&apos;
[org.springframework.beans.factory.support.DefaultListableBeanFactory]Creating instance of bean &apos;org.springframework.context.annotation.internalConfigurationAnnotationProcessor&apos;
[org.springframework.beans.factory.support.DefaultListableBeanFactory]Eagerly caching bean &apos;org.springframework.context.annotation.internalConfigurationAnnotationProcessor&apos; to allow for resolving potential circular references
[org.springframework.beans.factory.support.DefaultListableBeanFactory]Finished creating instance of bean &apos;org.springframework.context.annotation.internalConfigurationAnnotationProcessor&apos;
[org.springframework.beans.factory.support.DefaultListableBeanFactory]Creating shared instance of singleton bean &apos;org.mybatis.spring.mapper.MapperScannerConfigurer#0&apos;
[org.springframework.beans.factory.support.DefaultListableBeanFactory]Creating instance of bean &apos;org.mybatis.spring.mapper.MapperScannerConfigurer#0&apos;
[org.springframework.beans.factory.support.DefaultListableBeanFactory]Eagerly caching bean &apos;org.mybatis.spring.mapper.MapperScannerConfigurer#0&apos; to allow for resolving potential circular references
[org.springframework.beans.factory.support.DefaultListableBeanFactory]Invoking afterPropertiesSet() on bean with name &apos;org.mybatis.spring.mapper.MapperScannerConfigurer#0&apos;
[org.springframework.beans.factory.support.DefaultListableBeanFactory]Finished creating instance of bean &apos;org.mybatis.spring.mapper.MapperScannerConfigurer#0&apos;
[org.springframework.core.env.StandardEnvironment]Adding [systemProperties] PropertySource with lowest search precedence
[org.springframework.core.env.StandardEnvironment]Adding [systemEnvironment] PropertySource with lowest search precedence
[org.springframework.core.env.StandardEnvironment]Initialized StandardEnvironment with PropertySources [systemProperties,systemEnvironment]
[org.springframework.core.io.support.PathMatchingResourcePatternResolver]Resolved classpath location [com/vico/license/dao/] to resources [URL [file:/D:/vico/trunk/PRO/Liu.Dun/SourceCode/license/target/classes/com/vico/license/dao/]]
[org.springframework.core.io.support.PathMatchingResourcePatternResolver]Looking for matching resources in directory tree [D:\vico\trunk\PRO\Liu.Dun\SourceCode\license\target\classes\com\vico\license\dao]
[org.springframework.core.io.support.PathMatchingResourcePatternResolver]Searching directory [D:\vico\trunk\PRO\Liu.Dun\SourceCode\license\target\classes\com\vico\license\dao] for files matching pattern [D:/vico/trunk/PRO/Liu.Dun/SourceCode/license/target/classes/com/vico/license/dao/**/*.class]
[org.springframework.core.io.support.PathMatchingResourcePatternResolver]Resolved location pattern [classpath*:com/vico/license/dao/**/*.class] to resources [file [D:\vico\trunk\PRO\Liu.Dun\SourceCode\license\target\classes\com\vico\license\dao\HospitalDao.class], file [D:\vico\trunk\PRO\Liu.Dun\SourceCode\license\target\classes\com\vico\license\dao\LicenseDao.class]]
[org.mybatis.spring.mapper.ClassPathMapperScanner]Identified candidate component class: file [D:\vico\trunk\PRO\Liu.Dun\SourceCode\license\target\classes\com\vico\license\dao\HospitalDao.class]
[org.mybatis.spring.mapper.ClassPathMapperScanner]Identified candidate component class: file [D:\vico\trunk\PRO\Liu.Dun\SourceCode\license\target\classes\com\vico\license\dao\LicenseDao.class]
[org.mybatis.spring.mapper.ClassPathMapperScanner]Creating MapperFactoryBean with name &apos;hospitalDao&apos; and &apos;com.vico.license.dao.HospitalDao&apos; mapperInterface
[org.mybatis.spring.mapper.ClassPathMapperScanner]Creating MapperFactoryBean with name &apos;licenseDao&apos; and &apos;com.vico.license.dao.LicenseDao&apos; mapperInterface
[org.springframework.beans.factory.support.DefaultListableBeanFactory]Creating shared instance of singleton bean &apos;org.springframework.beans.factory.config.PropertyPlaceholderConfigurer#0&apos;
[org.springframework.beans.factory.support.DefaultListableBeanFactory]Creating instance of bean &apos;org.springframework.beans.factory.config.PropertyPlaceholderConfigurer#0&apos;
[org.springframework.beans.factory.support.DefaultListableBeanFactory]Eagerly caching bean &apos;org.springframework.beans.factory.config.PropertyPlaceholderConfigurer#0&apos; to allow for resolving potential circular references
[org.springframework.beans.factory.support.DefaultListableBeanFactory]Finished creating instance of bean &apos;org.springframework.beans.factory.config.PropertyPlaceholderConfigurer#0&apos;
[org.springframework.beans.factory.config.PropertyPlaceholderConfigurer]Loading properties file from class path resource [jdbc.properties]
[org.springframework.beans.factory.support.DefaultListableBeanFactory]Creating shared instance of singleton bean &apos;org.springframework.context.annotation.internalAutowiredAnnotationProcessor&apos;
[org.springframework.beans.factory.support.DefaultListableBeanFactory]Creating instance of bean &apos;org.springframework.context.annotation.internalAutowiredAnnotationProcessor&apos;
[org.springframework.beans.factory.support.DefaultListableBeanFactory]Eagerly caching bean &apos;org.springframework.context.annotation.internalAutowiredAnnotationProcessor&apos; to allow for resolving potential circular references
[org.springframework.beans.factory.support.DefaultListableBeanFactory]Finished creating instance of bean &apos;org.springframework.context.annotation.internalAutowiredAnnotationProcessor&apos;
[org.springframework.beans.factory.support.DefaultListableBeanFactory]Creating shared instance of singleton bean &apos;org.springframework.context.annotation.internalRequiredAnnotationProcessor&apos;
[org.springframework.beans.factory.support.DefaultListableBeanFactory]Creating instance of bean &apos;org.springframework.context.annotation.internalRequiredAnnotationProcessor&apos;
[org.springframework.beans.factory.support.DefaultListableBeanFactory]Eagerly caching bean &apos;org.springframework.context.annotation.internalRequiredAnnotationProcessor&apos; to allow for resolving potential circular references
[org.springframework.beans.factory.support.DefaultListableBeanFactory]Finished creating instance of bean &apos;org.springframework.context.annotation.internalRequiredAnnotationProcessor&apos;
[org.springframework.beans.factory.support.DefaultListableBeanFactory]Creating shared instance of singleton bean &apos;org.springframework.context.annotation.internalCommonAnnotationProcessor&apos;
[org.springframework.beans.factory.support.DefaultListableBeanFactory]Creating instance of bean &apos;org.springframework.context.annotation.internalCommonAnnotationProcessor&apos;
[org.springframework.beans.factory.support.DefaultListableBeanFactory]Eagerly caching bean &apos;org.springframework.context.annotation.internalCommonAnnotationProcessor&apos; to allow for resolving potential circular references
[org.springframework.beans.factory.support.DefaultListableBeanFactory]Finished creating instance of bean &apos;org.springframework.context.annotation.internalCommonAnnotationProcessor&apos;
[org.springframework.beans.factory.support.DefaultListableBeanFactory]Creating shared instance of singleton bean &apos;org.springframework.context.annotation.ConfigurationClassPostProcessor.importAwareProcessor&apos;
[org.springframework.beans.factory.support.DefaultListableBeanFactory]Creating instance of bean &apos;org.springframework.context.annotation.ConfigurationClassPostProcessor.importAwareProcessor&apos;
[org.springframework.beans.factory.support.DefaultListableBeanFactory]Eagerly caching bean &apos;org.springframework.context.annotation.ConfigurationClassPostProcessor.importAwareProcessor&apos; to allow for resolving potential circular references
[org.springframework.beans.factory.support.DefaultListableBeanFactory]Finished creating instance of bean &apos;org.springframework.context.annotation.ConfigurationClassPostProcessor.importAwareProcessor&apos;
[org.springframework.beans.factory.support.DefaultListableBeanFactory]Creating shared instance of singleton bean &apos;org.springframework.context.annotation.ConfigurationClassPostProcessor.enhancedConfigurationProcessor&apos;
[org.springframework.beans.factory.support.DefaultListableBeanFactory]Creating instance of bean &apos;org.springframework.context.annotation.ConfigurationClassPostProcessor.enhancedConfigurationProcessor&apos;
[org.springframework.beans.factory.support.DefaultListableBeanFactory]Eagerly caching bean &apos;org.springframework.context.annotation.ConfigurationClassPostProcessor.enhancedConfigurationProcessor&apos; to allow for resolving potential circular references
[org.springframework.beans.factory.support.DefaultListableBeanFactory]Finished creating instance of bean &apos;org.springframework.context.annotation.ConfigurationClassPostProcessor.enhancedConfigurationProcessor&apos;
[org.springframework.context.support.GenericApplicationContext]Unable to locate MessageSource with name &apos;messageSource&apos;: using default [org.springframework.context.support.DelegatingMessageSource@4ec4f3a0]
[org.springframework.context.support.GenericApplicationContext]Unable to locate ApplicationEventMulticaster with name &apos;applicationEventMulticaster&apos;: using default [org.springframework.context.event.SimpleApplicationEventMulticaster@67c27493]
[org.springframework.beans.factory.support.DefaultListableBeanFactory]Pre-instantiating singletons in org.springframework.beans.factory.support.DefaultListableBeanFactory@6107227e: defining beans [org.springframework.beans.factory.config.PropertyPlaceholderConfigurer#0,hospitalController,licenseController,hospitalServiceImp,licenseServiceImp,org.springframework.context.annotation.internalConfigurationAnnotationProcessor,org.springframework.context.annotation.internalAutowiredAnnotationProcessor,org.springframework.context.annotation.internalRequiredAnnotationProcessor,org.springframework.context.annotation.internalCommonAnnotationProcessor,org.springframework.context.event.internalEventListenerProcessor,org.springframework.context.event.internalEventListenerFactory,dataSource,sqlSessionFactory,org.mybatis.spring.mapper.MapperScannerConfigurer#0,transactionManager,org.springframework.context.annotation.ConfigurationClassPostProcessor.importAwareProcessor,org.springframework.context.annotation.ConfigurationClassPostProcessor.enhancedConfigurationProcessor,hospitalDao,licenseDao]; root of factory hierarchy
[org.springframework.beans.factory.support.DefaultListableBeanFactory]Returning cached instance of singleton bean &apos;org.springframework.beans.factory.config.PropertyPlaceholderConfigurer#0&apos;
[org.springframework.beans.factory.support.DefaultListableBeanFactory]Creating shared instance of singleton bean &apos;hospitalController&apos;
[org.springframework.beans.factory.support.DefaultListableBeanFactory]Creating instance of bean &apos;hospitalController&apos;
[org.springframework.beans.factory.annotation.InjectionMetadata]Registered injected element on class [com.vico.license.controller.HospitalController]: AutowiredFieldElement for private com.vico.license.service.HospitalService com.vico.license.controller.HospitalController.hospitalservice
[org.springframework.beans.factory.support.DefaultListableBeanFactory]Eagerly caching bean &apos;hospitalController&apos; to allow for resolving potential circular references
[org.springframework.beans.factory.annotation.InjectionMetadata]Processing injected element of bean &apos;hospitalController&apos;: AutowiredFieldElement for private com.vico.license.service.HospitalService com.vico.license.controller.HospitalController.hospitalservice
[org.apache.ibatis.logging.LogFactory]Logging initialized using &apos;class org.apache.ibatis.logging.commons.JakartaCommonsLoggingImpl&apos; adapter.
[org.springframework.beans.factory.support.DefaultListableBeanFactory]Creating shared instance of singleton bean &apos;hospitalServiceImp&apos;
[org.springframework.beans.factory.support.DefaultListableBeanFactory]Creating instance of bean &apos;hospitalServiceImp&apos;
[org.springframework.beans.factory.annotation.InjectionMetadata]Registered injected element on class [com.vico.license.service.HospitalServiceImp]: AutowiredFieldElement for private com.vico.license.dao.HospitalDao com.vico.license.service.HospitalServiceImp.hospitaldao
[org.springframework.beans.factory.support.DefaultListableBeanFactory]Eagerly caching bean &apos;hospitalServiceImp&apos; to allow for resolving potential circular references
[org.springframework.beans.factory.annotation.InjectionMetadata]Processing injected element of bean &apos;hospitalServiceImp&apos;: AutowiredFieldElement for private com.vico.license.dao.HospitalDao com.vico.license.service.HospitalServiceImp.hospitaldao
[org.springframework.beans.factory.support.DefaultListableBeanFactory]Creating shared instance of singleton bean &apos;hospitalDao&apos;
[org.springframework.beans.factory.support.DefaultListableBeanFactory]Creating instance of bean &apos;hospitalDao&apos;
[org.springframework.beans.factory.support.DefaultListableBeanFactory]Eagerly caching bean &apos;hospitalDao&apos; to allow for resolving potential circular references
[org.springframework.beans.factory.support.DefaultListableBeanFactory]Creating shared instance of singleton bean &apos;sqlSessionFactory&apos;
[org.springframework.beans.factory.support.DefaultListableBeanFactory]Creating instance of bean &apos;sqlSessionFactory&apos;
[org.springframework.beans.factory.support.DefaultListableBeanFactory]Eagerly caching bean &apos;sqlSessionFactory&apos; to allow for resolving potential circular references
[org.springframework.beans.factory.support.DefaultListableBeanFactory]Creating shared instance of singleton bean &apos;dataSource&apos;
[org.springframework.beans.factory.support.DefaultListableBeanFactory]Creating instance of bean &apos;dataSource&apos;
[org.springframework.beans.factory.support.DefaultListableBeanFactory]Eagerly caching bean &apos;dataSource&apos; to allow for resolving potential circular references
[com.alibaba.druid.pool.DruidAbstractDataSource]maxIdle is deprecated
[org.springframework.beans.factory.support.DefaultListableBeanFactory]Invoking init method  &apos;init&apos; on bean with name &apos;dataSource&apos;
[com.alibaba.druid.pool.DruidDataSource]{dataSource-1} inited
[org.springframework.beans.factory.support.DefaultListableBeanFactory]Finished creating instance of bean &apos;dataSource&apos;
[org.springframework.context.support.GenericApplicationContext]Exception encountered during context initialization - cancelling refresh attempt: org.springframework.beans.factory.BeanCreationException: Error creating bean with name &apos;hospitalController&apos;: Injection of autowired dependencies failed; nested exception is org.springframework.beans.factory.BeanCreationException: Could not autowire field: private com.vico.license.service.HospitalService com.vico.license.controller.HospitalController.hospitalservice; nested exception is org.springframework.beans.factory.BeanCreationException: Error creating bean with name &apos;hospitalServiceImp&apos;: Injection of autowired dependencies failed; nested exception is org.springframework.beans.factory.BeanCreationException: Could not autowire field: private com.vico.license.dao.HospitalDao com.vico.license.service.HospitalServiceImp.hospitaldao; nested exception is org.springframework.beans.factory.BeanCreationException: Error creating bean with name &apos;hospitalDao&apos; defined in file [D:\vico\trunk\PRO\Liu.Dun\SourceCode\license\target\classes\com\vico\license\dao\HospitalDao.class]: Cannot resolve reference to bean &apos;sqlSessionFactory&apos; while setting bean property &apos;sqlSessionFactory&apos;; nested exception is org.springframework.beans.factory.BeanCreationException: Error creating bean with name &apos;sqlSessionFactory&apos; defined in class path resource [spring-mybatis.xml]: Initialization of bean failed; nested exception is org.springframework.beans.TypeMismatchException: Failed to convert property value of type [java.lang.String] to required type [org.springframework.core.io.Resource[]] for property &apos;mapperLocations&apos;; nested exception is java.lang.IllegalArgumentException: Could not resolve resource location pattern [classpath:com/vico/license/mapper/*.xml]: class path resource [com/vico/license/mapper/] cannot be resolved to URL because it does not exist
[org.springframework.beans.factory.support.DefaultListableBeanFactory]Destroying singletons in org.springframework.beans.factory.support.DefaultListableBeanFactory@6107227e: defining beans [org.springframework.beans.factory.config.PropertyPlaceholderConfigurer#0,hospitalController,licenseController,hospitalServiceImp,licenseServiceImp,org.springframework.context.annotation.internalConfigurationAnnotationProcessor,org.springframework.context.annotation.internalAutowiredAnnotationProcessor,org.springframework.context.annotation.internalRequiredAnnotationProcessor,org.springframework.context.annotation.internalCommonAnnotationProcessor,org.springframework.context.event.internalEventListenerProcessor,org.springframework.context.event.internalEventListenerFactory,dataSource,sqlSessionFactory,org.mybatis.spring.mapper.MapperScannerConfigurer#0,transactionManager,org.springframework.context.annotation.ConfigurationClassPostProcessor.importAwareProcessor,org.springframework.context.annotation.ConfigurationClassPostProcessor.enhancedConfigurationProcessor,hospitalDao,licenseDao]; root of factory hierarchy
[org.springframework.beans.factory.support.DisposableBeanAdapter]Invoking destroy method &apos;close&apos; on bean with name &apos;dataSource&apos;
[com.alibaba.druid.pool.DruidDataSource]{dataSource-1} closed
[org.springframework.test.context.TestContextManager]Caught exception while allowing TestExecutionListener [org.springframework.test.context.support.DependencyInjectionTestExecutionListener@1794d431] to prepare test instance [com.vico.license.service.test.HospitalServiceImpTest@73ad2d6]
java.lang.IllegalStateException: Failed to load ApplicationContext
	at org.springframework.test.context.cache.DefaultCacheAwareContextLoaderDelegate.loadContext(DefaultCacheAwareContextLoaderDelegate.java:124)
	at org.springframework.test.context.support.DefaultTestContext.getApplicationContext(DefaultTestContext.java:83)
	at org.springframework.test.context.support.DependencyInjectionTestExecutionListener.injectDependencies(DependencyInjectionTestExecutionListener.java:117)
	at org.springframework.test.context.support.DependencyInjectionTestExecutionListener.prepareTestInstance(DependencyInjectionTestExecutionListener.java:83)
	at org.springframework.test.context.TestContextManager.prepareTestInstance(TestContextManager.java:228)
	at org.springframework.test.context.junit4.SpringJUnit4ClassRunner.createTest(SpringJUnit4ClassRunner.java:230)
	at org.springframework.test.context.junit4.SpringJUnit4ClassRunner$1.runReflectiveCall(SpringJUnit4ClassRunner.java:289)
	at org.junit.internal.runners.model.ReflectiveCallable.run(ReflectiveCallable.java:12)
	at org.springframework.test.context.junit4.SpringJUnit4ClassRunner.methodBlock(SpringJUnit4ClassRunner.java:291)
	at org.springframework.test.context.junit4.SpringJUnit4ClassRunner.runChild(SpringJUnit4ClassRunner.java:249)
	at org.springframework.test.context.junit4.SpringJUnit4ClassRunner.runChild(SpringJUnit4ClassRunner.java:89)
	at org.junit.runners.ParentRunner$3.run(ParentRunner.java:238)
	at org.junit.runners.ParentRunner$1.schedule(ParentRunner.java:63)
	at org.junit.runners.ParentRunner.runChildren(ParentRunner.java:236)
	at org.junit.runners.ParentRunner.access$000(ParentRunner.java:53)
	at org.junit.runners.ParentRunner$2.evaluate(ParentRunner.java:229)
	at org.springframework.test.context.junit4.statements.RunBeforeTestClassCallbacks.evaluate(RunBeforeTestClassCallbacks.java:61)
	at org.springframework.test.context.junit4.statements.RunAfterTestClassCallbacks.evaluate(RunAfterTestClassCallbacks.java:70)
	at org.junit.runners.ParentRunner.run(ParentRunner.java:309)
	at org.springframework.test.context.junit4.SpringJUnit4ClassRunner.run(SpringJUnit4ClassRunner.java:193)
	at org.apache.maven.surefire.junit4.JUnit4Provider.execute(JUnit4Provider.java:252)
	at org.apache.maven.surefire.junit4.JUnit4Provider.executeTestSet(JUnit4Provider.java:141)
	at org.apache.maven.surefire.junit4.JUnit4Provider.invoke(JUnit4Provider.java:112)
	at sun.reflect.NativeMethodAccessorImpl.invoke0(Native Method)
	at sun.reflect.NativeMethodAccessorImpl.invoke(NativeMethodAccessorImpl.java:62)
	at sun.reflect.DelegatingMethodAccessorImpl.invoke(DelegatingMethodAccessorImpl.java:43)
	at java.lang.reflect.Method.invoke(Method.java:497)
	at org.apache.maven.surefire.util.ReflectionUtils.invokeMethodWithArray(ReflectionUtils.java:189)
	at org.apache.maven.surefire.booter.ProviderFactory$ProviderProxy.invoke(ProviderFactory.java:165)
	at org.apache.maven.surefire.booter.ProviderFactory.invokeProvider(ProviderFactory.java:85)
	at org.apache.maven.surefire.booter.ForkedBooter.runSuitesInProcess(ForkedBooter.java:115)
	at org.apache.maven.surefire.booter.ForkedBooter.main(ForkedBooter.java:75)
Caused by: org.springframework.beans.factory.BeanCreationException: Error creating bean with name &apos;hospitalController&apos;: Injection of autowired dependencies failed; nested exception is org.springframework.beans.factory.BeanCreationException: Could not autowire field: private com.vico.license.service.HospitalService com.vico.license.controller.HospitalController.hospitalservice; nested exception is org.springframework.beans.factory.BeanCreationException: Error creating bean with name &apos;hospitalServiceImp&apos;: Injection of autowired dependencies failed; nested exception is org.springframework.beans.factory.BeanCreationException: Could not autowire field: private com.vico.license.dao.HospitalDao com.vico.license.service.HospitalServiceImp.hospitaldao; nested exception is org.springframework.beans.factory.BeanCreationException: Error creating bean with name &apos;hospitalDao&apos; defined in file [D:\vico\trunk\PRO\Liu.Dun\SourceCode\license\target\classes\com\vico\license\dao\HospitalDao.class]: Cannot resolve reference to bean &apos;sqlSessionFactory&apos; while setting bean property &apos;sqlSessionFactory&apos;; nested exception is org.springframework.beans.factory.BeanCreationException: Error creating bean with name &apos;sqlSessionFactory&apos; defined in class path resource [spring-mybatis.xml]: Initialization of bean failed; nested exception is org.springframework.beans.TypeMismatchException: Failed to convert property value of type [java.lang.String] to required type [org.springframework.core.io.Resource[]] for property &apos;mapperLocations&apos;; nested exception is java.lang.IllegalArgumentException: Could not resolve resource location pattern [classpath:com/vico/license/mapper/*.xml]: class path resource [com/vico/license/mapper/] cannot be resolved to URL because it does not exist
	at org.springframework.beans.factory.annotation.AutowiredAnnotationBeanPostProcessor.postProcessPropertyValues(AutowiredAnnotationBeanPostProcessor.java:334)
	at org.springframework.beans.factory.support.AbstractAutowireCapableBeanFactory.populateBean(AbstractAutowireCapableBeanFactory.java:1214)
	at org.springframework.beans.factory.support.AbstractAutowireCapableBeanFactory.doCreateBean(AbstractAutowireCapableBeanFactory.java:543)
	at org.springframework.beans.factory.support.AbstractAutowireCapableBeanFactory.createBean(AbstractAutowireCapableBeanFactory.java:482)
	at org.springframework.beans.factory.support.AbstractBeanFactory$1.getObject(AbstractBeanFactory.java:306)
	at org.springframework.beans.factory.support.DefaultSingletonBeanRegistry.getSingleton(DefaultSingletonBeanRegistry.java:230)
	at org.springframework.beans.factory.support.AbstractBeanFactory.doGetBean(AbstractBeanFactory.java:302)
	at org.springframework.beans.factory.support.AbstractBeanFactory.getBean(AbstractBeanFactory.java:197)
	at org.springframework.beans.factory.support.DefaultListableBeanFactory.preInstantiateSingletons(DefaultListableBeanFactory.java:772)
	at org.springframework.context.support.AbstractApplicationContext.finishBeanFactoryInitialization(AbstractApplicationContext.java:839)
	at org.springframework.context.support.AbstractApplicationContext.refresh(AbstractApplicationContext.java:538)
	at org.springframework.test.context.support.AbstractGenericContextLoader.loadContext(AbstractGenericContextLoader.java:125)
	at org.springframework.test.context.support.AbstractGenericContextLoader.loadContext(AbstractGenericContextLoader.java:60)
	at org.springframework.test.context.support.AbstractDelegatingSmartContextLoader.delegateLoading(AbstractDelegatingSmartContextLoader.java:109)
	at org.springframework.test.context.support.AbstractDelegatingSmartContextLoader.loadContext(AbstractDelegatingSmartContextLoader.java:261)
	at org.springframework.test.context.cache.DefaultCacheAwareContextLoaderDelegate.loadContextInternal(DefaultCacheAwareContextLoaderDelegate.java:98)
	at org.springframework.test.context.cache.DefaultCacheAwareContextLoaderDelegate.loadContext(DefaultCacheAwareContextLoaderDelegate.java:116)
	... 31 more
Caused by: org.springframework.beans.factory.BeanCreationException: Could not autowire field: private com.vico.license.service.HospitalService com.vico.license.controller.HospitalController.hospitalservice; nested exception is org.springframework.beans.factory.BeanCreationException: Error creating bean with name &apos;hospitalServiceImp&apos;: Injection of autowired dependencies failed; nested exception is org.springframework.beans.factory.BeanCreationException: Could not autowire field: private com.vico.license.dao.HospitalDao com.vico.license.service.HospitalServiceImp.hospitaldao; nested exception is org.springframework.beans.factory.BeanCreationException: Error creating bean with name &apos;hospitalDao&apos; defined in file [D:\vico\trunk\PRO\Liu.Dun\SourceCode\license\target\classes\com\vico\license\dao\HospitalDao.class]: Cannot resolve reference to bean &apos;sqlSessionFactory&apos; while setting bean property &apos;sqlSessionFactory&apos;; nested exception is org.springframework.beans.factory.BeanCreationException: Error creating bean with name &apos;sqlSessionFactory&apos; defined in class path resource [spring-mybatis.xml]: Initialization of bean failed; nested exception is org.springframework.beans.TypeMismatchException: Failed to convert property value of type [java.lang.String] to required type [org.springframework.core.io.Resource[]] for property &apos;mapperLocations&apos;; nested exception is java.lang.IllegalArgumentException: Could not resolve resource location pattern [classpath:com/vico/license/mapper/*.xml]: class path resource [com/vico/license/mapper/] cannot be resolved to URL because it does not exist
	at org.springframework.beans.factory.annotation.AutowiredAnnotationBeanPostProcessor$AutowiredFieldElement.inject(AutowiredAnnotationBeanPostProcessor.java:573)
	at org.springframework.beans.factory.annotation.InjectionMetadata.inject(InjectionMetadata.java:88)
	at org.springframework.beans.factory.annotation.AutowiredAnnotationBeanPostProcessor.postProcessPropertyValues(AutowiredAnnotationBeanPostProcessor.java:331)
	... 47 more
Caused by: org.springframework.beans.factory.BeanCreationException: Error creating bean with name &apos;hospitalServiceImp&apos;: Injection of autowired dependencies failed; nested exception is org.springframework.beans.factory.BeanCreationException: Could not autowire field: private com.vico.license.dao.HospitalDao com.vico.license.service.HospitalServiceImp.hospitaldao; nested exception is org.springframework.beans.factory.BeanCreationException: Error creating bean with name &apos;hospitalDao&apos; defined in file [D:\vico\trunk\PRO\Liu.Dun\SourceCode\license\target\classes\com\vico\license\dao\HospitalDao.class]: Cannot resolve reference to bean &apos;sqlSessionFactory&apos; while setting bean property &apos;sqlSessionFactory&apos;; nested exception is org.springframework.beans.factory.BeanCreationException: Error creating bean with name &apos;sqlSessionFactory&apos; defined in class path resource [spring-mybatis.xml]: Initialization of bean failed; nested exception is org.springframework.beans.TypeMismatchException: Failed to convert property value of type [java.lang.String] to required type [org.springframework.core.io.Resource[]] for property &apos;mapperLocations&apos;; nested exception is java.lang.IllegalArgumentException: Could not resolve resource location pattern [classpath:com/vico/license/mapper/*.xml]: class path resource [com/vico/license/mapper/] cannot be resolved to URL because it does not exist
	at org.springframework.beans.factory.annotation.AutowiredAnnotationBeanPostProcessor.postProcessPropertyValues(AutowiredAnnotationBeanPostProcessor.java:334)
	at org.springframework.beans.factory.support.AbstractAutowireCapableBeanFactory.populateBean(AbstractAutowireCapableBeanFactory.java:1214)
	at org.springframework.beans.factory.support.AbstractAutowireCapableBeanFactory.doCreateBean(AbstractAutowireCapableBeanFactory.java:543)
	at org.springframework.beans.factory.support.AbstractAutowireCapableBeanFactory.createBean(AbstractAutowireCapableBeanFactory.java:482)
	at org.springframework.beans.factory.support.AbstractBeanFactory$1.getObject(AbstractBeanFactory.java:306)
	at org.springframework.beans.factory.support.DefaultSingletonBeanRegistry.getSingleton(DefaultSingletonBeanRegistry.java:230)
	at org.springframework.beans.factory.support.AbstractBeanFactory.doGetBean(AbstractBeanFactory.java:302)
	at org.springframework.beans.factory.support.AbstractBeanFactory.getBean(AbstractBeanFactory.java:197)
	at org.springframework.beans.factory.support.DefaultListableBeanFactory.findAutowireCandidates(DefaultListableBeanFactory.java:1192)
	at org.springframework.beans.factory.support.DefaultListableBeanFactory.doResolveDependency(DefaultListableBeanFactory.java:1116)
	at org.springframework.beans.factory.support.DefaultListableBeanFactory.resolveDependency(DefaultListableBeanFactory.java:1014)
	at org.springframework.beans.factory.annotation.AutowiredAnnotationBeanPostProcessor$AutowiredFieldElement.inject(AutowiredAnnotationBeanPostProcessor.java:545)
	... 49 more
Caused by: org.springframework.beans.factory.BeanCreationException: Could not autowire field: private com.vico.license.dao.HospitalDao com.vico.license.service.HospitalServiceImp.hospitaldao; nested exception is org.springframework.beans.factory.BeanCreationException: Error creating bean with name &apos;hospitalDao&apos; defined in file [D:\vico\trunk\PRO\Liu.Dun\SourceCode\license\target\classes\com\vico\license\dao\HospitalDao.class]: Cannot resolve reference to bean &apos;sqlSessionFactory&apos; while setting bean property &apos;sqlSessionFactory&apos;; nested exception is org.springframework.beans.factory.BeanCreationException: Error creating bean with name &apos;sqlSessionFactory&apos; defined in class path resource [spring-mybatis.xml]: Initialization of bean failed; nested exception is org.springframework.beans.TypeMismatchException: Failed to convert property value of type [java.lang.String] to required type [org.springframework.core.io.Resource[]] for property &apos;mapperLocations&apos;; nested exception is java.lang.IllegalArgumentException: Could not resolve resource location pattern [classpath:com/vico/license/mapper/*.xml]: class path resource [com/vico/license/mapper/] cannot be resolved to URL because it does not exist
	at org.springframework.beans.factory.annotation.AutowiredAnnotationBeanPostProcessor$AutowiredFieldElement.inject(AutowiredAnnotationBeanPostProcessor.java:573)
	at org.springframework.beans.factory.annotation.InjectionMetadata.inject(InjectionMetadata.java:88)
	at org.springframework.beans.factory.annotation.AutowiredAnnotationBeanPostProcessor.postProcessPropertyValues(AutowiredAnnotationBeanPostProcessor.java:331)
	... 60 more
Caused by: org.springframework.beans.factory.BeanCreationException: Error creating bean with name &apos;hospitalDao&apos; defined in file [D:\vico\trunk\PRO\Liu.Dun\SourceCode\license\target\classes\com\vico\license\dao\HospitalDao.class]: Cannot resolve reference to bean &apos;sqlSessionFactory&apos; while setting bean property &apos;sqlSessionFactory&apos;; nested exception is org.springframework.beans.factory.BeanCreationException: Error creating bean with name &apos;sqlSessionFactory&apos; defined in class path resource [spring-mybatis.xml]: Initialization of bean failed; nested exception is org.springframework.beans.TypeMismatchException: Failed to convert property value of type [java.lang.String] to required type [org.springframework.core.io.Resource[]] for property &apos;mapperLocations&apos;; nested exception is java.lang.IllegalArgumentException: Could not resolve resource location pattern [classpath:com/vico/license/mapper/*.xml]: class path resource [com/vico/license/mapper/] cannot be resolved to URL because it does not exist
	at org.springframework.beans.factory.support.BeanDefinitionValueResolver.resolveReference(BeanDefinitionValueResolver.java:359)
	at org.springframework.beans.factory.support.BeanDefinitionValueResolver.resolveValueIfNecessary(BeanDefinitionValueResolver.java:108)
	at org.springframework.beans.factory.support.AbstractAutowireCapableBeanFactory.applyPropertyValues(AbstractAutowireCapableBeanFactory.java:1481)
	at org.springframework.beans.factory.support.AbstractAutowireCapableBeanFactory.populateBean(AbstractAutowireCapableBeanFactory.java:1226)
	at org.springframework.beans.factory.support.AbstractAutowireCapableBeanFactory.doCreateBean(AbstractAutowireCapableBeanFactory.java:543)
	at org.springframework.beans.factory.support.AbstractAutowireCapableBeanFactory.createBean(AbstractAutowireCapableBeanFactory.java:482)
	at org.springframework.beans.factory.support.AbstractBeanFactory$1.getObject(AbstractBeanFactory.java:306)
	at org.springframework.beans.factory.support.DefaultSingletonBeanRegistry.getSingleton(DefaultSingletonBeanRegistry.java:230)
	at org.springframework.beans.factory.support.AbstractBeanFactory.doGetBean(AbstractBeanFactory.java:302)
	at org.springframework.beans.factory.support.AbstractBeanFactory.getBean(AbstractBeanFactory.java:197)
	at org.springframework.beans.factory.support.DefaultListableBeanFactory.findAutowireCandidates(DefaultListableBeanFactory.java:1192)
	at org.springframework.beans.factory.support.DefaultListableBeanFactory.doResolveDependency(DefaultListableBeanFactory.java:1116)
	at org.springframework.beans.factory.support.DefaultListableBeanFactory.resolveDependency(DefaultListableBeanFactory.java:1014)
	at org.springframework.beans.factory.annotation.AutowiredAnnotationBeanPostProcessor$AutowiredFieldElement.inject(AutowiredAnnotationBeanPostProcessor.java:545)
	... 62 more
Caused by: org.springframework.beans.factory.BeanCreationException: Error creating bean with name &apos;sqlSessionFactory&apos; defined in class path resource [spring-mybatis.xml]: Initialization of bean failed; nested exception is org.springframework.beans.TypeMismatchException: Failed to convert property value of type [java.lang.String] to required type [org.springframework.core.io.Resource[]] for property &apos;mapperLocations&apos;; nested exception is java.lang.IllegalArgumentException: Could not resolve resource location pattern [classpath:com/vico/license/mapper/*.xml]: class path resource [com/vico/license/mapper/] cannot be resolved to URL because it does not exist
	at org.springframework.beans.factory.support.AbstractAutowireCapableBeanFactory.doCreateBean(AbstractAutowireCapableBeanFactory.java:553)
	at org.springframework.beans.factory.support.AbstractAutowireCapableBeanFactory.createBean(AbstractAutowireCapableBeanFactory.java:482)
	at org.springframework.beans.factory.support.AbstractBeanFactory$1.getObject(AbstractBeanFactory.java:306)
	at org.springframework.beans.factory.support.DefaultSingletonBeanRegistry.getSingleton(DefaultSingletonBeanRegistry.java:230)
	at org.springframework.beans.factory.support.AbstractBeanFactory.doGetBean(AbstractBeanFactory.java:302)
	at org.springframework.beans.factory.support.AbstractBeanFactory.getBean(AbstractBeanFactory.java:197)
	at org.springframework.beans.factory.support.BeanDefinitionValueResolver.resolveReference(BeanDefinitionValueResolver.java:351)
	... 75 more
Caused by: org.springframework.beans.TypeMismatchException: Failed to convert property value of type [java.lang.String] to required type [org.springframework.core.io.Resource[]] for property &apos;mapperLocations&apos;; nested exception is java.lang.IllegalArgumentException: Could not resolve resource location pattern [classpath:com/vico/license/mapper/*.xml]: class path resource [com/vico/license/mapper/] cannot be resolved to URL because it does not exist
	at org.springframework.beans.AbstractNestablePropertyAccessor.convertIfNecessary(AbstractNestablePropertyAccessor.java:596)
	at org.springframework.beans.AbstractNestablePropertyAccessor.convertForProperty(AbstractNestablePropertyAccessor.java:603)
	at org.springframework.beans.BeanWrapperImpl.convertForProperty(BeanWrapperImpl.java:203)
	at org.springframework.beans.factory.support.AbstractAutowireCapableBeanFactory.convertForProperty(AbstractAutowireCapableBeanFactory.java:1527)
	at org.springframework.beans.factory.support.AbstractAutowireCapableBeanFactory.applyPropertyValues(AbstractAutowireCapableBeanFactory.java:1486)
	at org.springframework.beans.factory.support.AbstractAutowireCapableBeanFactory.populateBean(AbstractAutowireCapableBeanFactory.java:1226)
	at org.springframework.beans.factory.support.AbstractAutowireCapableBeanFactory.doCreateBean(AbstractAutowireCapableBeanFactory.java:543)
	... 81 more
Caused by: java.lang.IllegalArgumentException: Could not resolve resource location pattern [classpath:com/vico/license/mapper/*.xml]: class path resource [com/vico/license/mapper/] cannot be resolved to URL because it does not exist
	at org.springframework.core.io.support.ResourceArrayPropertyEditor.setAsText(ResourceArrayPropertyEditor.java:116)
	at org.springframework.beans.TypeConverterDelegate.doConvertTextValue(TypeConverterDelegate.java:464)
	at org.springframework.beans.TypeConverterDelegate.doConvertValue(TypeConverterDelegate.java:437)
	at org.springframework.beans.TypeConverterDelegate.convertIfNecessary(TypeConverterDelegate.java:195)
	at org.springframework.beans.AbstractNestablePropertyAccessor.convertIfNecessary(AbstractNestablePropertyAccessor.java:576)
	... 87 more
</system-out>
  </testcase>
</testsuite>